#
# There is insufficient memory for the Java Runtime Environment to continue.
# Native memory allocation (mmap) failed to map 162529280 bytes for committing reserved memory.
# Possible reasons:
#   The system is out of physical RAM or swap space
#   In 32 bit mode, the process size limit was hit
# Possible solutions:
#   Reduce memory load on the system
#   Increase physical memory or swap space
#   Check if swap backing store is full
#   Use 64 bit Java on a 64 bit OS
#   Decrease Java heap size (-Xmx/-Xms)
#   Decrease number of Java threads
#   Decrease Java thread stack sizes (-Xss)
#   Set larger code cache with -XX:ReservedCodeCacheSize=
# This output file may be truncated or incomplete.
#
#  Out of Memory Error (os_linux.cpp:2627), pid=6095, tid=140327816431360
#
# JRE version: Java(TM) SE Runtime Environment (8.0_72-b15) (build 1.8.0_72-b15)
# Java VM: Java HotSpot(TM) 64-Bit Server VM (25.72-b15 mixed mode linux-amd64 compressed oops)
# Failed to write core dump. Core dumps have been disabled. To enable core dumping, try "ulimit -c unlimited" before starting Java again
#

---------------  T H R E A D  ---------------

Current thread (0x00007fa0b4078000):  VMThread [stack: 0x00007fa09d968000,0x00007fa09da69000] [id=6101]

Stack: [0x00007fa09d968000,0x00007fa09da69000],  sp=0x00007fa09da671e0,  free space=1020k
Native frames: (J=compiled Java code, j=interpreted, Vv=VM code, C=native code)
V  [libjvm.so+0xaba7ea]  VMError::report_and_die()+0x2ba
V  [libjvm.so+0x4f9e3b]  report_vm_out_of_memory(char const*, int, unsigned long, VMErrorType, char const*)+0x8b
V  [libjvm.so+0x91b613]  os::Linux::commit_memory_impl(char*, unsigned long, bool)+0x103
V  [libjvm.so+0x91bb69]  os::pd_commit_memory(char*, unsigned long, unsigned long, bool)+0x29
V  [libjvm.so+0x915e6a]  os::commit_memory(char*, unsigned long, unsigned long, bool)+0x2a
V  [libjvm.so+0x989543]  PSVirtualSpace::expand_by(unsigned long)+0x53
V  [libjvm.so+0x979e30]  PSOldGen::expand(unsigned long)+0x170
V  [libjvm.so+0x97a03b]  PSOldGen::resize(unsigned long)+0x1cb
V  [libjvm.so+0x981d11]  PSParallelCompact::invoke_no_policy(bool)+0x991
V  [libjvm.so+0x98766d]  PSScavenge::invoke()+0x1ad
V  [libjvm.so+0x93f300]  ParallelScavengeHeap::failed_mem_allocate(unsigned long)+0x70
V  [libjvm.so+0xabc207]  VM_ParallelGCFailedAllocation::doit()+0x97
V  [libjvm.so+0xac3c35]  VM_Operation::evaluate()+0x55
V  [libjvm.so+0xac200a]  VMThread::evaluate_operation(VM_Operation*)+0xba
V  [libjvm.so+0xac238e]  VMThread::loop()+0x1ce
V  [libjvm.so+0xac2800]  VMThread::run()+0x70
V  [libjvm.so+0x91d9d8]  java_start(Thread*)+0x108

VM_Operation (0x00007fa051755630): ParallelGCFailedAllocation, mode: safepoint, requested by thread 0x00007fa0600fd800


---------------  P R O C E S S  ---------------

Java Threads: ( => current thread )
  0x00007fa03c214800 JavaThread "Prism Font Disposer" daemon [_thread_blocked, id=6138, stack(0x00007fa043eff000,0x00007fa044000000)]
  0x00007fa0600fd800 JavaThread "JavaFX Application Thread" [_thread_blocked, id=6131, stack(0x00007fa051658000,0x00007fa051759000)]
  0x00007fa0600f9800 JavaThread "Thread-2" daemon [_thread_blocked, id=6130, stack(0x00007fa051759000,0x00007fa05185a000)]
  0x00007fa06004a800 JavaThread "QuantumRenderer-0" daemon [_thread_blocked, id=6127, stack(0x00007fa09c25b000,0x00007fa09c35c000)]
  0x00007fa0b4202800 JavaThread "JavaFX-Launcher" [_thread_blocked, id=6126, stack(0x00007fa09c35c000,0x00007fa09c45d000)]
  0x00007fa0b414a800 JavaThread "Monitor Ctrl-Break" daemon [_thread_in_native, id=6116, stack(0x00007fa09c73b000,0x00007fa09c83c000)]
  0x00007fa0b40c8800 JavaThread "Service Thread" daemon [_thread_blocked, id=6108, stack(0x00007fa09cb3f000,0x00007fa09cc40000)]
  0x00007fa0b40bd800 JavaThread "C1 CompilerThread2" daemon [_thread_blocked, id=6107, stack(0x00007fa09cc40000,0x00007fa09cd41000)]
  0x00007fa0b40bb800 JavaThread "C2 CompilerThread1" daemon [_thread_blocked, id=6106, stack(0x00007fa09cd41000,0x00007fa09ce42000)]
  0x00007fa0b40b8800 JavaThread "C2 CompilerThread0" daemon [_thread_blocked, id=6105, stack(0x00007fa09ce42000,0x00007fa09cf43000)]
  0x00007fa0b40b7000 JavaThread "Signal Dispatcher" daemon [_thread_blocked, id=6104, stack(0x00007fa09cf43000,0x00007fa09d044000)]
  0x00007fa0b4084800 JavaThread "Finalizer" daemon [_thread_blocked, id=6103, stack(0x00007fa09d766000,0x00007fa09d867000)]
  0x00007fa0b4080000 JavaThread "Reference Handler" daemon [_thread_blocked, id=6102, stack(0x00007fa09d867000,0x00007fa09d968000)]
  0x00007fa0b400a800 JavaThread "main" [_thread_blocked, id=6096, stack(0x00007fa0bbeaa000,0x00007fa0bbfab000)]

Other Threads:
=>0x00007fa0b4078000 VMThread [stack: 0x00007fa09d968000,0x00007fa09da69000] [id=6101]
  0x00007fa0b40cb800 WatcherThread [stack: 0x00007fa09ca3e000,0x00007fa09cb3f000] [id=6110]

VM state:at safepoint (normal execution)

VM Mutex/Monitor currently owned by a thread:  ([mutex/lock_event])
[0x00007fa0b4006390] ExpandHeap_lock - owner thread: 0x00007fa0b4078000
[0x00007fa0b4006a10] Threads_lock - owner thread: 0x00007fa0b4078000
[0x00007fa0b4006f10] Heap_lock - owner thread: 0x00007fa0600fd800

Heap:
 PSYoungGen      total 156160K, used 0K [0x00000000eba00000, 0x00000000ff900000, 0x0000000100000000)
  eden space 111616K, 0% used [0x00000000eba00000,0x00000000eba00000,0x00000000f2700000)
  from space 44544K, 0% used [0x00000000f2700000,0x00000000f2700000,0x00000000f5280000)
  to   space 107520K, 0% used [0x00000000f9000000,0x00000000f9000000,0x00000000ff900000)
 ParOldGen       total 360448K, used 355229K [0x00000000c2e00000, 0x00000000d8e00000, 0x00000000eba00000)
  object space 360448K, 98% used [0x00000000c2e00000,0x00000000d88e7578,0x00000000d8e00000)
 Metaspace       used 14035K, capacity 14610K, committed 14976K, reserved 1062912K
  class space    used 1893K, capacity 2061K, committed 2176K, reserved 1048576K

Card table byte_map: [0x00007fa0b8a8c000,0x00007fa0b8c76000] byte_map_base: 0x00007fa0b8475000

Marking Bits: (ParMarkBitMap*) 0x00007fa0bb38b100
 Begin Bits: [0x00007fa09e170000, 0x00007fa09f0b8000)
 End Bits:   [0x00007fa09f0b8000, 0x00007fa0a0000000)

Polling page: 0x00007fa0bbfd2000

CodeCache: size=245760Kb used=10144Kb max_used=11121Kb free=235615Kb
 bounds [0x00007fa0a5000000, 0x00007fa0a5b20000, 0x00007fa0b4000000]
 total_blobs=3460 nmethods=2916 adapters=458
 compilation: enabled

Compilation events (10 events):
Event: 13.889 Thread 0x00007fa0b40bd800 nmethod 3550 0x00007fa0a5487950 code [0x00007fa0a5487aa0, 0x00007fa0a5487bb0]
Event: 13.889 Thread 0x00007fa0b40bd800 3551       1       java.text.NumberFormat::getMaximumFractionDigits (5 bytes)
Event: 13.889 Thread 0x00007fa0b40bd800 nmethod 3551 0x00007fa0a5487690 code [0x00007fa0a54877e0, 0x00007fa0a54878f0]
Event: 13.889 Thread 0x00007fa0b40bd800 3552       1       java.text.NumberFormat::getMinimumFractionDigits (5 bytes)
Event: 13.889 Thread 0x00007fa0b40bd800 nmethod 3552 0x00007fa0a5487390 code [0x00007fa0a54874e0, 0x00007fa0a54875f0]
Event: 13.889 Thread 0x00007fa0b40bd800 3553       1       java.util.Currency::getCurrencyCode (5 bytes)
Event: 13.889 Thread 0x00007fa0b40bd800 nmethod 3553 0x00007fa0a564eb90 code [0x00007fa0a564ece0, 0x00007fa0a564edf0]
Event: 13.890 Thread 0x00007fa0b40bd800 3554       3       javafx.scene.chart.Chart$1::usesMirroring (8 bytes)
Event: 13.890 Thread 0x00007fa0b40bd800 nmethod 3554 0x00007fa0a564e810 code [0x00007fa0a564e980, 0x00007fa0a564eaf0]
Event: 13.901 Thread 0x00007fa0b40bb800 nmethod 3535 0x00007fa0a536ef10 code [0x00007fa0a536f140, 0x00007fa0a536fbf0]

GC Heap History (10 events):
Event: 12.059 GC heap after
Heap after GC invocations=21 (full 4):
 PSYoungGen      total 152576K, used 39689K [0x00000000eba00000, 0x00000000ffa00000, 0x0000000100000000)
  eden space 111616K, 0% used [0x00000000eba00000,0x00000000eba00000,0x00000000f2700000)
  from space 40960K, 96% used [0x00000000f2700000,0x00000000f4dc2518,0x00000000f4f00000)
  to   space 108032K, 0% used [0x00000000f9080000,0x00000000f9080000,0x00000000ffa00000)
 ParOldGen       total 360448K, used 230837K [0x00000000c2e00000, 0x00000000d8e00000, 0x00000000eba00000)
  object space 360448K, 64% used [0x00000000c2e00000,0x00000000d0f6d5f0,0x00000000d8e00000)
 Metaspace       used 14008K, capacity 14514K, committed 14592K, reserved 1062912K
  class space    used 1890K, capacity 2029K, committed 2048K, reserved 1048576K
}
Event: 12.413 GC heap before
{Heap before GC invocations=22 (full 4):
 PSYoungGen      total 152576K, used 151305K [0x00000000eba00000, 0x00000000ffa00000, 0x0000000100000000)
  eden space 111616K, 100% used [0x00000000eba00000,0x00000000f2700000,0x00000000f2700000)
  from space 40960K, 96% used [0x00000000f2700000,0x00000000f4dc2518,0x00000000f4f00000)
  to   space 108032K, 0% used [0x00000000f9080000,0x00000000f9080000,0x00000000ffa00000)
 ParOldGen       total 360448K, used 230837K [0x00000000c2e00000, 0x00000000d8e00000, 0x00000000eba00000)
  object space 360448K, 64% used [0x00000000c2e00000,0x00000000d0f6d5f0,0x00000000d8e00000)
 Metaspace       used 14016K, capacity 14546K, committed 14720K, reserved 1062912K
  class space    used 1893K, capacity 2061K, committed 2176K, reserved 1048576K
Event: 12.558 GC heap after
Heap after GC invocations=22 (full 4):
 PSYoungGen      total 221184K, used 58320K [0x00000000eba00000, 0x0000000100000000, 0x0000000100000000)
  eden space 113152K, 0% used [0x00000000eba00000,0x00000000eba00000,0x00000000f2880000)
  from space 108032K, 53% used [0x00000000f9080000,0x00000000fc974050,0x00000000ffa00000)
  to   space 106496K, 0% used [0x00000000f2880000,0x00000000f2880000,0x00000000f9080000)
 ParOldGen       total 360448K, used 230845K [0x00000000c2e00000, 0x00000000d8e00000, 0x00000000eba00000)
  object space 360448K, 64% used [0x00000000c2e00000,0x00000000d0f6f5f0,0x00000000d8e00000)
 Metaspace       used 14016K, capacity 14546K, committed 14720K, reserved 1062912K
  class space    used 1893K, capacity 2061K, committed 2176K, reserved 1048576K
}
Event: 12.936 GC heap before
{Heap before GC invocations=23 (full 4):
 PSYoungGen      total 221184K, used 171472K [0x00000000eba00000, 0x0000000100000000, 0x0000000100000000)
  eden space 113152K, 100% used [0x00000000eba00000,0x00000000f2880000,0x00000000f2880000)
  from space 108032K, 53% used [0x00000000f9080000,0x00000000fc974050,0x00000000ffa00000)
  to   space 106496K, 0% used [0x00000000f2880000,0x00000000f2880000,0x00000000f9080000)
 ParOldGen       total 360448K, used 230845K [0x00000000c2e00000, 0x00000000d8e00000, 0x00000000eba00000)
  object space 360448K, 64% used [0x00000000c2e00000,0x00000000d0f6f5f0,0x00000000d8e00000)
 Metaspace       used 14027K, capacity 14610K, committed 14976K, reserved 1062912K
  class space    used 1893K, capacity 2061K, committed 2176K, reserved 1048576K
Event: 13.023 GC heap after
Heap after GC invocations=23 (full 4):
 PSYoungGen      total 219648K, used 80768K [0x00000000eba00000, 0x0000000100000000, 0x0000000100000000)
  eden space 113152K, 0% used [0x00000000eba00000,0x00000000eba00000,0x00000000f2880000)
  from space 106496K, 75% used [0x00000000f2880000,0x00000000f7760098,0x00000000f9080000)
  to   space 111104K, 0% used [0x00000000f9380000,0x00000000f9380000,0x0000000100000000)
 ParOldGen       total 360448K, used 230853K [0x00000000c2e00000, 0x00000000d8e00000, 0x00000000eba00000)
  object space 360448K, 64% used [0x00000000c2e00000,0x00000000d0f715f0,0x00000000d8e00000)
 Metaspace       used 14027K, capacity 14610K, committed 14976K, reserved 1062912K
  class space    used 1893K, capacity 2061K, committed 2176K, reserved 1048576K
}
Event: 13.397 GC heap before
{Heap before GC invocations=24 (full 4):
 PSYoungGen      total 219648K, used 193920K [0x00000000eba00000, 0x0000000100000000, 0x0000000100000000)
  eden space 113152K, 100% used [0x00000000eba00000,0x00000000f2880000,0x00000000f2880000)
  from space 106496K, 75% used [0x00000000f2880000,0x00000000f7760098,0x00000000f9080000)
  to   space 111104K, 0% used [0x00000000f9380000,0x00000000f9380000,0x0000000100000000)
 ParOldGen       total 360448K, used 230853K [0x00000000c2e00000, 0x00000000d8e00000, 0x00000000eba00000)
  object space 360448K, 64% used [0x00000000c2e00000,0x00000000d0f715f0,0x00000000d8e00000)
 Metaspace       used 14033K, capacity 14610K, committed 14976K, reserved 1062912K
  class space    used 1893K, capacity 2061K, committed 2176K, reserved 1048576K
Event: 13.557 GC heap after
Heap after GC invocations=24 (full 4):
 PSYoungGen      total 222720K, used 65504K [0x00000000eba00000, 0x0000000100000000, 0x0000000100000000)
  eden space 111616K, 0% used [0x00000000eba00000,0x00000000eba00000,0x00000000f2700000)
  from space 111104K, 58% used [0x00000000f9380000,0x00000000fd378078,0x0000000100000000)
  to   space 111104K, 0% used [0x00000000f2700000,0x00000000f2700000,0x00000000f9380000)
 ParOldGen       total 360448K, used 270036K [0x00000000c2e00000, 0x00000000d8e00000, 0x00000000eba00000)
  object space 360448K, 74% used [0x00000000c2e00000,0x00000000d35b5100,0x00000000d8e00000)
 Metaspace       used 14033K, capacity 14610K, committed 14976K, reserved 1062912K
  class space    used 1893K, capacity 2061K, committed 2176K, reserved 1048576K
}
Event: 13.919 GC heap before
{Heap before GC invocations=25 (full 4):
 PSYoungGen      total 222720K, used 177120K [0x00000000eba00000, 0x0000000100000000, 0x0000000100000000)
  eden space 111616K, 100% used [0x00000000eba00000,0x00000000f2700000,0x00000000f2700000)
  from space 111104K, 58% used [0x00000000f9380000,0x00000000fd378078,0x0000000100000000)
  to   space 111104K, 0% used [0x00000000f2700000,0x00000000f2700000,0x00000000f9380000)
 ParOldGen       total 360448K, used 270036K [0x00000000c2e00000, 0x00000000d8e00000, 0x00000000eba00000)
  object space 360448K, 74% used [0x00000000c2e00000,0x00000000d35b5100,0x00000000d8e00000)
 Metaspace       used 14035K, capacity 14610K, committed 14976K, reserved 1062912K
  class space    used 1893K, capacity 2061K, committed 2176K, reserved 1048576K
Event: 14.061 GC heap after
Heap after GC invocations=25 (full 4):
 PSYoungGen      total 156160K, used 44480K [0x00000000eba00000, 0x00000000ff900000, 0x0000000100000000)
  eden space 111616K, 0% used [0x00000000eba00000,0x00000000eba00000,0x00000000f2700000)
  from space 44544K, 99% used [0x00000000f2700000,0x00000000f5270020,0x00000000f5280000)
  to   space 107520K, 0% used [0x00000000f9000000,0x00000000f9000000,0x00000000ff900000)
 ParOldGen       total 360448K, used 311764K [0x00000000c2e00000, 0x00000000d8e00000, 0x00000000eba00000)
  object space 360448K, 86% used [0x00000000c2e00000,0x00000000d5e75048,0x00000000d8e00000)
 Metaspace       used 14035K, capacity 14610K, committed 14976K, reserved 1062912K
  class space    used 1893K, capacity 2061K, committed 2176K, reserved 1048576K
}
Event: 14.062 GC heap before
{Heap before GC invocations=26 (full 5):
 PSYoungGen      total 156160K, used 44480K [0x00000000eba00000, 0x00000000ff900000, 0x0000000100000000)
  eden space 111616K, 0% used [0x00000000eba00000,0x00000000eba00000,0x00000000f2700000)
  from space 44544K, 99% used [0x00000000f2700000,0x00000000f5270020,0x00000000f5280000)
  to   space 107520K, 0% used [0x00000000f9000000,0x00000000f9000000,0x00000000ff900000)
 ParOldGen       total 360448K, used 311764K [0x00000000c2e00000, 0x00000000d8e00000, 0x00000000eba00000)
  object space 360448K, 86% used [0x00000000c2e00000,0x00000000d5e75048,0x00000000d8e00000)
 Metaspace       used 14035K, capacity 14610K, committed 14976K, reserved 1062912K
  class space    used 1893K, capacity 2061K, committed 2176K, reserved 1048576K

Deoptimization events (10 events):
Event: 3.547 Thread 0x00007fa0600fd800 Uncommon trap: reason=bimorphic action=maybe_recompile pc=0x00007fa0a547535c method=java.util.HashMap.putVal(ILjava/lang/Object;Ljava/lang/Object;ZZ)Ljava/lang/Object; @ 203
Event: 3.825 Thread 0x00007fa0600fd800 Uncommon trap: reason=bimorphic action=maybe_recompile pc=0x00007fa0a547535c method=java.util.HashMap.putVal(ILjava/lang/Object;Ljava/lang/Object;ZZ)Ljava/lang/Object; @ 203
Event: 4.124 Thread 0x00007fa0600fd800 Uncommon trap: reason=bimorphic action=maybe_recompile pc=0x00007fa0a547535c method=java.util.HashMap.putVal(ILjava/lang/Object;Ljava/lang/Object;ZZ)Ljava/lang/Object; @ 203
Event: 4.129 Thread 0x00007fa0600fd800 Uncommon trap: reason=bimorphic action=maybe_recompile pc=0x00007fa0a547535c method=java.util.HashMap.putVal(ILjava/lang/Object;Ljava/lang/Object;ZZ)Ljava/lang/Object; @ 203
Event: 4.129 Thread 0x00007fa0600fd800 Uncommon trap: reason=bimorphic action=maybe_recompile pc=0x00007fa0a556641c method=java.util.HashMap.putVal(ILjava/lang/Object;Ljava/lang/Object;ZZ)Ljava/lang/Object; @ 203
Event: 5.588 Thread 0x00007fa0600fd800 Uncommon trap: reason=class_check action=maybe_recompile pc=0x00007fa0a5a51eec method=java.lang.reflect.Array.newInstance(Ljava/lang/Class;I)Ljava/lang/Object; @ 2
Event: 5.588 Thread 0x00007fa0600fd800 Uncommon trap: reason=class_check action=maybe_recompile pc=0x00007fa0a5a51eec method=java.lang.reflect.Array.newInstance(Ljava/lang/Class;I)Ljava/lang/Object; @ 2
Event: 5.588 Thread 0x00007fa0600fd800 Uncommon trap: reason=class_check action=maybe_recompile pc=0x00007fa0a5a51eec method=java.lang.reflect.Array.newInstance(Ljava/lang/Class;I)Ljava/lang/Object; @ 2
Event: 5.588 Thread 0x00007fa0600fd800 Uncommon trap: reason=class_check action=maybe_recompile pc=0x00007fa0a5a51eec method=java.lang.reflect.Array.newInstance(Ljava/lang/Class;I)Ljava/lang/Object; @ 2
Event: 5.744 Thread 0x00007fa0600fd800 Uncommon trap: reason=unstable_if action=reinterpret pc=0x00007fa0a58d4078 method=java.util.HashMap$TreeNode.putTreeVal(Ljava/util/HashMap;[Ljava/util/HashMap$Node;ILjava/lang/Object;Ljava/lang/Object;)Ljava/util/HashMap$TreeNode; @ 121

Internal exceptions (10 events):
Event: 0.675 Thread 0x00007fa0600fd800 Exception <a 'java/io/FileNotFoundException'> (0x00000000eba70370) thrown at [/HUDSON/workspace/8-2-build-linux-amd64/jdk8u72/5732/hotspot/src/share/vm/prims/jni.cpp, line 709]
Event: 0.676 Thread 0x00007fa0600fd800 Exception <a 'java/lang/ArrayIndexOutOfBoundsException': 6> (0x00000000eba77368) thrown at [/HUDSON/workspace/8-2-build-linux-amd64/jdk8u72/5732/hotspot/src/share/vm/interpreter/interpreterRuntime.cpp, line 366]
Event: 0.677 Thread 0x00007fa0600fd800 Exception <a 'java/lang/ArrayIndexOutOfBoundsException': 6> (0x00000000eba78a70) thrown at [/HUDSON/workspace/8-2-build-linux-amd64/jdk8u72/5732/hotspot/src/share/vm/interpreter/interpreterRuntime.cpp, line 366]
Event: 0.678 Thread 0x00007fa0600fd800 Exception <a 'java/lang/ArrayIndexOutOfBoundsException': 6> (0x00000000eba79070) thrown at [/HUDSON/workspace/8-2-build-linux-amd64/jdk8u72/5732/hotspot/src/share/vm/interpreter/interpreterRuntime.cpp, line 366]
Event: 0.678 Thread 0x00007fa0600fd800 Exception <a 'java/lang/ArrayIndexOutOfBoundsException': 6> (0x00000000eba79d38) thrown at [/HUDSON/workspace/8-2-build-linux-amd64/jdk8u72/5732/hotspot/src/share/vm/interpreter/interpreterRuntime.cpp, line 366]
Event: 0.678 Thread 0x00007fa0600fd800 Exception <a 'java/lang/ArrayIndexOutOfBoundsException': 6> (0x00000000eba7a9d0) thrown at [/HUDSON/workspace/8-2-build-linux-amd64/jdk8u72/5732/hotspot/src/share/vm/interpreter/interpreterRuntime.cpp, line 366]
Event: 1.128 Thread 0x00007fa0600fd800 Implicit null exception at 0x00007fa0a52ea475 to 0x00007fa0a52ea7bd
Event: 1.128 Thread 0x00007fa0600fd800 Implicit null exception at 0x00007fa0a52041b5 to 0x00007fa0a52044f1
Event: 1.611 Thread 0x00007fa0600fd800 Implicit null exception at 0x00007fa0a52e7bfb to 0x00007fa0a52e7c7d
Event: 1.645 Thread 0x00007fa0600fd800 Implicit null exception at 0x00007fa0a5400dcf to 0x00007fa0a54012b9

Events (10 events):
Event: 9.993 Executing VM operation: ParallelGCFailedAllocation done
Event: 10.349 Executing VM operation: ParallelGCFailedAllocation
Event: 12.059 Executing VM operation: ParallelGCFailedAllocation done
Event: 12.413 Executing VM operation: ParallelGCFailedAllocation
Event: 12.558 Executing VM operation: ParallelGCFailedAllocation done
Event: 12.936 Executing VM operation: ParallelGCFailedAllocation
Event: 13.023 Executing VM operation: ParallelGCFailedAllocation done
Event: 13.397 Executing VM operation: ParallelGCFailedAllocation
Event: 13.557 Executing VM operation: ParallelGCFailedAllocation done
Event: 13.918 Executing VM operation: ParallelGCFailedAllocation


Dynamic libraries:
00400000-00401000 r-xp 00000000 08:05 2197851                            /usr/lib/jvm/java-8-oracle/bin/java
00600000-00601000 rw-p 00000000 08:05 2197851                            /usr/lib/jvm/java-8-oracle/bin/java
01aac000-01acd000 rw-p 00000000 00:00 0                                  [heap]
c2e00000-d8e00000 rw-p 00000000 00:00 0 
e2900000-eba00000 ---p 00000000 00:00 0 
eba00000-ff900000 rw-p 00000000 00:00 0 
ff900000-100000000 ---p 00000000 00:00 0 
100000000-100220000 rw-p 00000000 00:00 0 
100220000-140000000 ---p 00000000 00:00 0 
7fa038000000-7fa038021000 rw-p 00000000 00:00 0 
7fa038021000-7fa03c000000 ---p 00000000 00:00 0 
7fa03c000000-7fa03c333000 rw-p 00000000 00:00 0 
7fa03c333000-7fa040000000 ---p 00000000 00:00 0 
7fa043cff000-7fa043d7f000 rw-p 00000000 00:00 0 
7fa043d7f000-7fa043eff000 ---p 00000000 00:00 0 
7fa043eff000-7fa043f02000 ---p 00000000 00:00 0 
7fa043f02000-7fa044000000 rw-p 00000000 00:00 0                          [stack:6138]
7fa044000000-7fa044021000 rw-p 00000000 00:00 0 
7fa044021000-7fa048000000 ---p 00000000 00:00 0 
7fa048000000-7fa048037000 rw-p 00000000 00:00 0 
7fa048037000-7fa04c000000 ---p 00000000 00:00 0 
7fa04c000000-7fa04c021000 rw-p 00000000 00:00 0 
7fa04c021000-7fa050000000 ---p 00000000 00:00 0 
7fa050013000-7fa050014000 rw-p 00000000 00:00 0 
7fa050014000-7fa0500ca000 r--p 00000000 08:05 265473                     /usr/share/fonts/truetype/dejavu/DejaVuSans.ttf
7fa0500ca000-7fa05011f000 r--p 00000000 08:05 2198193                    /usr/lib/jvm/java-8-oracle/jre/lib/fonts/LucidaBrightRegular.ttf
7fa05011f000-7fa050159000 r--p 00000000 08:05 2198192                    /usr/lib/jvm/java-8-oracle/jre/lib/fonts/LucidaTypewriterBold.ttf
7fa050159000-7fa050204000 r--p 00000000 08:05 2198191                    /usr/lib/jvm/java-8-oracle/jre/lib/fonts/LucidaSansRegular.ttf
7fa050204000-7fa050217000 r--p 00000000 08:05 2198189                    /usr/lib/jvm/java-8-oracle/jre/lib/fonts/LucidaBrightDemiItalic.ttf
7fa050217000-7fa050253000 r--p 00000000 08:05 2198188                    /usr/lib/jvm/java-8-oracle/jre/lib/fonts/LucidaTypewriterRegular.ttf
7fa050253000-7fa0502a1000 r--p 00000000 08:05 2198187                    /usr/lib/jvm/java-8-oracle/jre/lib/fonts/LucidaSansDemiBold.ttf
7fa0502a1000-7fa0502b4000 r--p 00000000 08:05 2198186                    /usr/lib/jvm/java-8-oracle/jre/lib/fonts/LucidaBrightDemiBold.ttf
7fa0502b4000-7fa0502c8000 r--p 00000000 08:05 2198185                    /usr/lib/jvm/java-8-oracle/jre/lib/fonts/LucidaBrightItalic.ttf
7fa0502c8000-7fa0502cc000 r-xp 00000000 08:05 2198033                    /usr/lib/jvm/java-8-oracle/jre/lib/amd64/libjavafx_font_pango.so
7fa0502cc000-7fa0504cb000 ---p 00004000 08:05 2198033                    /usr/lib/jvm/java-8-oracle/jre/lib/amd64/libjavafx_font_pango.so
7fa0504cb000-7fa0504cc000 rw-p 00003000 08:05 2198033                    /usr/lib/jvm/java-8-oracle/jre/lib/amd64/libjavafx_font_pango.so
7fa0504cc000-7fa0504d1000 r--s 00084000 08:05 2198095                    /usr/lib/jvm/java-8-oracle/jre/lib/jfr.jar
7fa0504d1000-7fa0506d1000 rw-p 00000000 00:00 0 
7fa0506d1000-7fa0508d1000 rw-p 00000000 00:00 0 
7fa0508d1000-7fa0508d2000 r--s 00000000 08:05 142447                     /var/cache/fontconfig/087e1975ba9a574b140bb1df193bf770-le64.cache-4
7fa0508d2000-7fa0508d3000 r--s 00000000 08:05 139727                     /var/cache/fontconfig/c05880de57d1f5e948fdfacc138775d9-le64.cache-4
7fa0508d3000-7fa0508de000 r--s 00000000 08:05 139721                     /var/cache/fontconfig/945677eb7aeaf62f1d50efc3fb3ec7d8-le64.cache-4
7fa0508de000-7fa0508e4000 r--s 00000000 08:05 139707                     /var/cache/fontconfig/2cd17615ca594fa2959ae173292e504c-le64.cache-4
7fa0508e4000-7fa0508e5000 r--s 00000000 08:05 139737                     /var/cache/fontconfig/e7071f4a29fa870f4323321c154eba04-le64.cache-4
7fa0508e5000-7fa0508e6000 r--s 00000000 08:05 139704                     /var/cache/fontconfig/0d8c3b2ac0904cb8a57a757ad11a4a08-le64.cache-4
7fa0508e6000-7fa0508ed000 r--s 00000000 08:05 139724                     /var/cache/fontconfig/a755afe4a08bf5b97852ceb7400b47bc-le64.cache-4
7fa0508ed000-7fa050901000 r--s 00000000 08:05 139702                     /var/cache/fontconfig/04aabc0a78ac019cf9454389977116d2-le64.cache-4
7fa050901000-7fa050902000 r--s 00000000 08:05 139706                     /var/cache/fontconfig/1ac9eb803944fde146138c791f5cc56a-le64.cache-4
7fa050902000-7fa050906000 r--s 00000000 08:05 139710                     /var/cache/fontconfig/385c0604a188198f04d133e54aba7fe7-le64.cache-4
7fa050906000-7fa050907000 r--s 00000000 08:05 142446                     /var/cache/fontconfig/9c956a7723ca69a44b382d9179c9802f-le64.cache-4
7fa050907000-7fa050908000 r--s 00000000 08:05 139734                     /var/cache/fontconfig/dc05db6664285cc2f12bf69c139ae4c3-le64.cache-4
7fa050908000-7fa05090a000 r--s 00000000 08:05 139718                     /var/cache/fontconfig/767a8244fc0220cfb567a839d0392e0b-le64.cache-4
7fa05090a000-7fa05090b000 r--s 00000000 08:05 137324                     /var/cache/fontconfig/4794a0821666d79190d59a36cb4f44b5-le64.cache-4
7fa05090b000-7fa05090c000 r--s 00000000 08:05 142444                     /var/cache/fontconfig/9eae20f1ff8cc0a7d125749e875856bd-le64.cache-4
7fa05090c000-7fa05090e000 r--s 00000000 08:05 142443                     /var/cache/fontconfig/bf2c1853a9e9b00bb02fe2e9bcf1e201-le64.cache-4
7fa05090e000-7fa050913000 r--s 00000000 08:05 139720                     /var/cache/fontconfig/8801497958630a81b71ace7c5f9b32a8-le64.cache-4
7fa050913000-7fa050917000 r--s 00000000 08:05 142442                     /var/cache/fontconfig/c57959a16110560c8d0fcea73374aeeb-le64.cache-4
7fa050917000-7fa05091e000 r--s 00000000 08:05 139708                     /var/cache/fontconfig/3047814df9a2f067bd2d96a2b9c36e5a-le64.cache-4
7fa05091e000-7fa050922000 r--s 00000000 08:05 142441                     /var/cache/fontconfig/bf3b770c553c462765856025a94f1ce6-le64.cache-4
7fa050922000-7fa050923000 r--s 00000000 08:05 139714                     /var/cache/fontconfig/56cf4f4769d0f4abc89a4895d7bd3ae1-le64.cache-4
7fa050923000-7fa050924000 r--s 00000000 08:05 139726                     /var/cache/fontconfig/b9d506c9ac06c20b433354fa67a72993-le64.cache-4
7fa050924000-7fa05092a000 r--s 00000000 08:05 139725                     /var/cache/fontconfig/b47c4e1ecd0709278f4910c18777a504-le64.cache-4
7fa05092a000-7fa05092d000 r--s 00000000 08:05 142440                     /var/cache/fontconfig/14d493b97896515cad3840ba4896e372-le64.cache-4
7fa05092d000-7fa05092e000 r--s 00000000 08:05 142438                     /var/cache/fontconfig/89034621ae2a8922916bb6bfa5799546-le64.cache-4
7fa05092e000-7fa050931000 r--s 00000000 08:05 142436                     /var/cache/fontconfig/e49e89034d371f0f9de17aab02136486-le64.cache-4
7fa050931000-7fa050933000 r--s 00000000 08:05 142434                     /var/cache/fontconfig/4b14b093aebc79c320de5e86ae1d3314-le64.cache-4
7fa050933000-7fa050946000 r--s 00000000 08:05 139731                     /var/cache/fontconfig/d52a8644073d54c13679302ca1180695-le64.cache-4
7fa050946000-7fa050947000 r--s 00000000 08:05 142432                     /var/cache/fontconfig/8a687c406b77f27d99abfeeba937fcce-le64.cache-4
7fa050947000-7fa050950000 r--s 00000000 08:05 139711                     /var/cache/fontconfig/3f7329c5293ffd510edef78f73874cfd-le64.cache-4
7fa050950000-7fa050952000 r--s 00000000 08:05 142430                     /var/cache/fontconfig/65f976e5259cbe6dc7697b8648396239-le64.cache-4
7fa050952000-7fa05095d000 r--s 00000000 08:05 142429                     /var/cache/fontconfig/d589a48862398ed80a3d6066f4f56f4c-le64.cache-4
7fa05095d000-7fa05095e000 r--s 00000000 08:05 142427                     /var/cache/fontconfig/94f7fe9bd33aadfac165873bd010d595-le64.cache-4
7fa05095e000-7fa050960000 r--s 00000000 08:05 142425                     /var/cache/fontconfig/423767150eb258c59035de29db6fca84-le64.cache-4
7fa050960000-7fa050961000 r--s 00000000 08:05 142424                     /var/cache/fontconfig/406a1d2d2bf3ed7664fbadefac0b2f66-le64.cache-4
7fa050961000-7fa05096b000 r--s 00000000 08:05 142419                     /var/cache/fontconfig/198d8fcf01c96d0cf813f74fd759bdb7-le64.cache-4
7fa05096b000-7fa050976000 r--s 00000000 08:05 142417                     /var/cache/fontconfig/83bf95040141907cd45bb53cf7c1c148-le64.cache-4
7fa050976000-7fa05097f000 r--s 00000000 08:05 142415                     /var/cache/fontconfig/d0972c3d32f097851eb916381fc38920-le64.cache-4
7fa05097f000-7fa050986000 r--s 00000000 08:05 142412                     /var/cache/fontconfig/53d14c92082a93e67d5078324eb314ca-le64.cache-4
7fa050986000-7fa050999000 r--s 00000000 08:05 142411                     /var/cache/fontconfig/4ac51e5cfbc76fc3f983e470323a16d3-le64.cache-4
7fa050999000-7fa0509b1000 r--s 00000000 08:05 142393                     /var/cache/fontconfig/e13b20fdb08344e0e664864cc2ede53d-le64.cache-4
7fa0509b1000-7fa0509cf000 r--s 00000000 08:05 137327                     /var/cache/fontconfig/467c019e582ee353435ea5c21d137ef6-le64.cache-4
7fa0509cf000-7fa0509d4000 r-xp 00000000 08:05 2198010                    /usr/lib/jvm/java-8-oracle/jre/lib/amd64/libjavafx_font_freetype.so
7fa0509d4000-7fa050bd3000 ---p 00005000 08:05 2198010                    /usr/lib/jvm/java-8-oracle/jre/lib/amd64/libjavafx_font_freetype.so
7fa050bd3000-7fa050bd4000 rw-p 00004000 08:05 2198010                    /usr/lib/jvm/java-8-oracle/jre/lib/amd64/libjavafx_font_freetype.so
7fa050bd4000-7fa050bd7000 r-xp 00000000 08:05 2198046                    /usr/lib/jvm/java-8-oracle/jre/lib/amd64/libjavafx_font.so
7fa050bd7000-7fa050dd6000 ---p 00003000 08:05 2198046                    /usr/lib/jvm/java-8-oracle/jre/lib/amd64/libjavafx_font.so
7fa050dd6000-7fa050dd7000 rw-p 00002000 08:05 2198046                    /usr/lib/jvm/java-8-oracle/jre/lib/amd64/libjavafx_font.so
7fa050dd7000-7fa050e57000 rw-s 13156f000 00:06 2478                      /dev/dri/card0
7fa050e57000-7fa050e58000 ---p 00000000 00:00 0 
7fa050e58000-7fa051658000 rw-p 00000000 00:00 0                          [stack:6132]
7fa051658000-7fa05165b000 ---p 00000000 00:00 0 
7fa05165b000-7fa051759000 rw-p 00000000 00:00 0                          [stack:6131]
7fa051759000-7fa05175c000 ---p 00000000 00:00 0 
7fa05175c000-7fa05185a000 rw-p 00000000 00:00 0                          [stack:6130]
7fa05185a000-7fa05185b000 ---p 00000000 00:00 0 
7fa05185b000-7fa05205b000 rw-p 00000000 00:00 0                          [stack:6129]
7fa05205b000-7fa052066000 r-xp 00000000 08:05 2225956                    /usr/lib/x86_64-linux-gnu/gio/modules/libdconfsettings.so
7fa052066000-7fa052266000 ---p 0000b000 08:05 2225956                    /usr/lib/x86_64-linux-gnu/gio/modules/libdconfsettings.so
7fa052266000-7fa052267000 r--p 0000b000 08:05 2225956                    /usr/lib/x86_64-linux-gnu/gio/modules/libdconfsettings.so
7fa052267000-7fa052268000 rw-p 0000c000 08:05 2225956                    /usr/lib/x86_64-linux-gnu/gio/modules/libdconfsettings.so
7fa052268000-7fa05226f000 r-xp 00000000 08:05 1972763                    /usr/lib/x86_64-linux-gnu/libogg.so.0.8.1
7fa05226f000-7fa05246f000 ---p 00007000 08:05 1972763                    /usr/lib/x86_64-linux-gnu/libogg.so.0.8.1
7fa05246f000-7fa052470000 r--p 00007000 08:05 1972763                    /usr/lib/x86_64-linux-gnu/libogg.so.0.8.1
7fa052470000-7fa052471000 rw-p 00008000 08:05 1972763                    /usr/lib/x86_64-linux-gnu/libogg.so.0.8.1
7fa052471000-7fa05249d000 r-xp 00000000 08:05 1973037                    /usr/lib/x86_64-linux-gnu/libvorbis.so.0.4.5
7fa05249d000-7fa05269c000 ---p 0002c000 08:05 1973037                    /usr/lib/x86_64-linux-gnu/libvorbis.so.0.4.5
7fa05269c000-7fa05269d000 r--p 0002b000 08:05 1973037                    /usr/lib/x86_64-linux-gnu/libvorbis.so.0.4.5
7fa05269d000-7fa05269e000 rw-p 0002c000 08:05 1973037                    /usr/lib/x86_64-linux-gnu/libvorbis.so.0.4.5
7fa05269e000-7fa0526a7000 r-xp 00000000 08:05 1972669                    /usr/lib/x86_64-linux-gnu/libltdl.so.7.3.0
7fa0526a7000-7fa0528a6000 ---p 00009000 08:05 1972669                    /usr/lib/x86_64-linux-gnu/libltdl.so.7.3.0
7fa0528a6000-7fa0528a7000 r--p 00008000 08:05 1972669                    /usr/lib/x86_64-linux-gnu/libltdl.so.7.3.0
7fa0528a7000-7fa0528a8000 rw-p 00009000 08:05 1972669                    /usr/lib/x86_64-linux-gnu/libltdl.so.7.3.0
7fa0528a8000-7fa0528b9000 r-xp 00000000 08:05 1972958                    /usr/lib/x86_64-linux-gnu/libtdb.so.1.2.12
7fa0528b9000-7fa052ab8000 ---p 00011000 08:05 1972958                    /usr/lib/x86_64-linux-gnu/libtdb.so.1.2.12
7fa052ab8000-7fa052ab9000 r--p 00010000 08:05 1972958                    /usr/lib/x86_64-linux-gnu/libtdb.so.1.2.12
7fa052ab9000-7fa052aba000 rw-p 00011000 08:05 1972958                    /usr/lib/x86_64-linux-gnu/libtdb.so.1.2.12
7fa052aba000-7fa052ac1000 r-xp 00000000 08:05 1973041                    /usr/lib/x86_64-linux-gnu/libvorbisfile.so.3.3.4
7fa052ac1000-7fa052cc0000 ---p 00007000 08:05 1973041                    /usr/lib/x86_64-linux-gnu/libvorbisfile.so.3.3.4
7fa052cc0000-7fa052cc1000 r--p 00006000 08:05 1973041                    /usr/lib/x86_64-linux-gnu/libvorbisfile.so.3.3.4
7fa052cc1000-7fa052cc2000 rw-p 00007000 08:05 1973041                    /usr/lib/x86_64-linux-gnu/libvorbisfile.so.3.3.4
7fa052cc2000-7fa052cd1000 r-xp 00000000 08:05 1972183                    /usr/lib/x86_64-linux-gnu/libcanberra.so.0.2.5
7fa052cd1000-7fa052ed0000 ---p 0000f000 08:05 1972183                    /usr/lib/x86_64-linux-gnu/libcanberra.so.0.2.5
7fa052ed0000-7fa052ed1000 r--p 0000e000 08:05 1972183                    /usr/lib/x86_64-linux-gnu/libcanberra.so.0.2.5
7fa052ed1000-7fa052ed2000 rw-p 0000f000 08:05 1972183                    /usr/lib/x86_64-linux-gnu/libcanberra.so.0.2.5
7fa052ed2000-7fa052ed6000 r-xp 00000000 08:05 1972179                    /usr/lib/x86_64-linux-gnu/libcanberra-gtk.so.0.1.9
7fa052ed6000-7fa0530d5000 ---p 00004000 08:05 1972179                    /usr/lib/x86_64-linux-gnu/libcanberra-gtk.so.0.1.9
7fa0530d5000-7fa0530d6000 r--p 00003000 08:05 1972179                    /usr/lib/x86_64-linux-gnu/libcanberra-gtk.so.0.1.9
7fa0530d6000-7fa0530d7000 rw-p 00004000 08:05 1972179                    /usr/lib/x86_64-linux-gnu/libcanberra-gtk.so.0.1.9
7fa0530d7000-7fa0530dc000 r-xp 00000000 08:05 2226211                    /usr/lib/x86_64-linux-gnu/gtk-2.0/modules/libcanberra-gtk-module.so
7fa0530dc000-7fa0532db000 ---p 00005000 08:05 2226211                    /usr/lib/x86_64-linux-gnu/gtk-2.0/modules/libcanberra-gtk-module.so
7fa0532db000-7fa0532dc000 r--p 00004000 08:05 2226211                    /usr/lib/x86_64-linux-gnu/gtk-2.0/modules/libcanberra-gtk-module.so
7fa0532dc000-7fa0532dd000 rw-p 00005000 08:05 2226211                    /usr/lib/x86_64-linux-gnu/gtk-2.0/modules/libcanberra-gtk-module.so
7fa0532dd000-7fa05330c000 r-xp 00000000 08:05 2226193                    /usr/lib/x86_64-linux-gnu/gtk-2.0/2.10.0/engines/libmurrine.so
7fa05330c000-7fa05350c000 ---p 0002f000 08:05 2226193                    /usr/lib/x86_64-linux-gnu/gtk-2.0/2.10.0/engines/libmurrine.so
7fa05350c000-7fa05350d000 r--p 0002f000 08:05 2226193                    /usr/lib/x86_64-linux-gnu/gtk-2.0/2.10.0/engines/libmurrine.so
7fa05350d000-7fa05350e000 rw-p 00030000 08:05 2226193                    /usr/lib/x86_64-linux-gnu/gtk-2.0/2.10.0/engines/libmurrine.so
7fa05350e000-7fa05351e000 r-xp 00000000 08:05 1973007                    /usr/lib/x86_64-linux-gnu/libunity-gtk2-parser.so.0.0.0
7fa05351e000-7fa05371d000 ---p 00010000 08:05 1973007                    /usr/lib/x86_64-linux-gnu/libunity-gtk2-parser.so.0.0.0
7fa05371d000-7fa05371e000 r--p 0000f000 08:05 1973007                    /usr/lib/x86_64-linux-gnu/libunity-gtk2-parser.so.0.0.0
7fa05371e000-7fa05371f000 rw-p 00010000 08:05 1973007                    /usr/lib/x86_64-linux-gnu/libunity-gtk2-parser.so.0.0.0
7fa05371f000-7fa053724000 r-xp 00000000 08:05 2226215                    /usr/lib/x86_64-linux-gnu/gtk-2.0/modules/libunity-gtk-module.so
7fa053724000-7fa053923000 ---p 00005000 08:05 2226215                    /usr/lib/x86_64-linux-gnu/gtk-2.0/modules/libunity-gtk-module.so
7fa053923000-7fa053924000 r--p 00004000 08:05 2226215                    /usr/lib/x86_64-linux-gnu/gtk-2.0/modules/libunity-gtk-module.so
7fa053924000-7fa053925000 rw-p 00005000 08:05 2226215                    /usr/lib/x86_64-linux-gnu/gtk-2.0/modules/libunity-gtk-module.so
7fa053925000-7fa053936000 r-xp 00000000 08:05 2226214                    /usr/lib/x86_64-linux-gnu/gtk-2.0/modules/liboverlay-scrollbar.so
7fa053936000-7fa053b35000 ---p 00011000 08:05 2226214                    /usr/lib/x86_64-linux-gnu/gtk-2.0/modules/liboverlay-scrollbar.so
7fa053b35000-7fa053b36000 r--p 00010000 08:05 2226214                    /usr/lib/x86_64-linux-gnu/gtk-2.0/modules/liboverlay-scrollbar.so
7fa053b36000-7fa053b37000 rw-p 00011000 08:05 2226214                    /usr/lib/x86_64-linux-gnu/gtk-2.0/modules/liboverlay-scrollbar.so
7fa053b37000-7fa053b60000 r-xp 00000000 08:05 2198023                    /usr/lib/jvm/java-8-oracle/jre/lib/amd64/libglass.so
7fa053b60000-7fa053d5f000 ---p 00029000 08:05 2198023                    /usr/lib/jvm/java-8-oracle/jre/lib/amd64/libglass.so
7fa053d5f000-7fa053d62000 rw-p 00028000 08:05 2198023                    /usr/lib/jvm/java-8-oracle/jre/lib/amd64/libglass.so
7fa053d62000-7fa053de2000 rw-s 13136e000 00:06 2478                      /dev/dri/card0
7fa053de2000-7fa053e19000 r-xp 00000000 08:05 1972990                    /usr/lib/x86_64-linux-gnu/libtxc_dxtn_s2tc.so.0.0.0
7fa053e19000-7fa054018000 ---p 00037000 08:05 1972990                    /usr/lib/x86_64-linux-gnu/libtxc_dxtn_s2tc.so.0.0.0
7fa054018000-7fa054019000 r--p 00036000 08:05 1972990                    /usr/lib/x86_64-linux-gnu/libtxc_dxtn_s2tc.so.0.0.0
7fa054019000-7fa05401a000 rw-p 00037000 08:05 1972990                    /usr/lib/x86_64-linux-gnu/libtxc_dxtn_s2tc.so.0.0.0
7fa05401a000-7fa05403f000 r-xp 00000000 08:05 920397                     /lib/x86_64-linux-gnu/libtinfo.so.5.9
7fa05403f000-7fa05423e000 ---p 00025000 08:05 920397                     /lib/x86_64-linux-gnu/libtinfo.so.5.9
7fa05423e000-7fa054242000 r--p 00024000 08:05 920397                     /lib/x86_64-linux-gnu/libtinfo.so.5.9
7fa054242000-7fa054243000 rw-p 00028000 08:05 920397                     /lib/x86_64-linux-gnu/libtinfo.so.5.9
7fa054243000-7fa05426c000 r-xp 00000000 08:05 1972296                    /usr/lib/x86_64-linux-gnu/libedit.so.2.0.47
7fa05426c000-7fa05446c000 ---p 00029000 08:05 1972296                    /usr/lib/x86_64-linux-gnu/libedit.so.2.0.47
7fa05446c000-7fa05446e000 r--p 00029000 08:05 1972296                    /usr/lib/x86_64-linux-gnu/libedit.so.2.0.47
7fa05446e000-7fa05446f000 rw-p 0002b000 08:05 1972296                    /usr/lib/x86_64-linux-gnu/libedit.so.2.0.47
7fa05446f000-7fa054473000 rw-p 00000000 00:00 0 
7fa054473000-7fa056131000 r-xp 00000000 08:05 1971915                    /usr/lib/x86_64-linux-gnu/libLLVM-3.6.so.1
7fa056131000-7fa056132000 ---p 01cbe000 08:05 1971915                    /usr/lib/x86_64-linux-gnu/libLLVM-3.6.so.1
7fa056132000-7fa056349000 r--p 01cbe000 08:05 1971915                    /usr/lib/x86_64-linux-gnu/libLLVM-3.6.so.1
7fa056349000-7fa05634f000 rw-p 01ed5000 08:05 1971915                    /usr/lib/x86_64-linux-gnu/libLLVM-3.6.so.1
7fa05634f000-7fa056364000 rw-p 00000000 00:00 0 
7fa056364000-7fa056379000 r-xp 00000000 08:05 1972297                    /usr/lib/x86_64-linux-gnu/libelf-0.158.so
7fa056379000-7fa056578000 ---p 00015000 08:05 1972297                    /usr/lib/x86_64-linux-gnu/libelf-0.158.so
7fa056578000-7fa056579000 r--p 00014000 08:05 1972297                    /usr/lib/x86_64-linux-gnu/libelf-0.158.so
7fa056579000-7fa05657a000 rw-p 00015000 08:05 1972297                    /usr/lib/x86_64-linux-gnu/libelf-0.158.so
7fa05657a000-7fa056586000 r-xp 00000000 08:05 1972292                    /usr/lib/x86_64-linux-gnu/libdrm_radeon.so.1.0.1
7fa056586000-7fa056785000 ---p 0000c000 08:05 1972292                    /usr/lib/x86_64-linux-gnu/libdrm_radeon.so.1.0.1
7fa056785000-7fa056786000 r--p 0000b000 08:05 1972292                    /usr/lib/x86_64-linux-gnu/libdrm_radeon.so.1.0.1
7fa056786000-7fa056787000 rw-p 0000c000 08:05 1972292                    /usr/lib/x86_64-linux-gnu/libdrm_radeon.so.1.0.1
7fa056787000-7fa05678d000 r-xp 00000000 08:05 1972290                    /usr/lib/x86_64-linux-gnu/libdrm_nouveau.so.2.0.0
7fa05678d000-7fa05698c000 ---p 00006000 08:05 1972290                    /usr/lib/x86_64-linux-gnu/libdrm_nouveau.so.2.0.0
7fa05698c000-7fa05698d000 r--p 00005000 08:05 1972290                    /usr/lib/x86_64-linux-gnu/libdrm_nouveau.so.2.0.0
7fa05698d000-7fa05698e000 rw-p 00006000 08:05 1972290                    /usr/lib/x86_64-linux-gnu/libdrm_nouveau.so.2.0.0
7fa05698e000-7fa0570e1000 r-xp 00000000 08:05 2224293                    /usr/lib/x86_64-linux-gnu/dri/nouveau_dri.so
7fa0570e1000-7fa0572e0000 ---p 00753000 08:05 2224293                    /usr/lib/x86_64-linux-gnu/dri/nouveau_dri.so
7fa0572e0000-7fa057334000 r--p 00752000 08:05 2224293                    /usr/lib/x86_64-linux-gnu/dri/nouveau_dri.so
7fa057334000-7fa057340000 rw-p 007a6000 08:05 2224293                    /usr/lib/x86_64-linux-gnu/dri/nouveau_dri.so
7fa057340000-7fa057525000 rw-p 00000000 00:00 0 
7fa057525000-7fa057569000 r-xp 00000000 08:05 920265                     /lib/x86_64-linux-gnu/libdbus-1.so.3.7.6
7fa057569000-7fa057768000 ---p 00044000 08:05 920265                     /lib/x86_64-linux-gnu/libdbus-1.so.3.7.6
7fa057768000-7fa057769000 r--p 00043000 08:05 920265                     /lib/x86_64-linux-gnu/libdbus-1.so.3.7.6
7fa057769000-7fa05776a000 rw-p 00044000 08:05 920265                     /lib/x86_64-linux-gnu/libdbus-1.so.3.7.6
7fa05776a000-7fa057772000 r-xp 00000000 08:05 920313                     /lib/x86_64-linux-gnu/libnih-dbus.so.1.0.0
7fa057772000-7fa057972000 ---p 00008000 08:05 920313                     /lib/x86_64-linux-gnu/libnih-dbus.so.1.0.0
7fa057972000-7fa057973000 r--p 00008000 08:05 920313                     /lib/x86_64-linux-gnu/libnih-dbus.so.1.0.0
7fa057973000-7fa057974000 rw-p 00009000 08:05 920313                     /lib/x86_64-linux-gnu/libnih-dbus.so.1.0.0
7fa057974000-7fa05798b000 r-xp 00000000 08:05 920315                     /lib/x86_64-linux-gnu/libnih.so.1.0.0
7fa05798b000-7fa057b8a000 ---p 00017000 08:05 920315                     /lib/x86_64-linux-gnu/libnih.so.1.0.0
7fa057b8a000-7fa057b8b000 r--p 00016000 08:05 920315                     /lib/x86_64-linux-gnu/libnih.so.1.0.0
7fa057b8b000-7fa057b8c000 rw-p 00017000 08:05 920315                     /lib/x86_64-linux-gnu/libnih.so.1.0.0
7fa057b8c000-7fa057ba5000 r-xp 00000000 08:05 920385                     /lib/x86_64-linux-gnu/libcgmanager.so.0.0.0
7fa057ba5000-7fa057da4000 ---p 00019000 08:05 920385                     /lib/x86_64-linux-gnu/libcgmanager.so.0.0.0
7fa057da4000-7fa057da6000 r--p 00018000 08:05 920385                     /lib/x86_64-linux-gnu/libcgmanager.so.0.0.0
7fa057da6000-7fa057da7000 rw-p 0001a000 08:05 920385                     /lib/x86_64-linux-gnu/libcgmanager.so.0.0.0
7fa057da7000-7fa057db7000 r-xp 00000000 08:05 920176                     /lib/x86_64-linux-gnu/libudev.so.1.3.5
7fa057db7000-7fa057fb6000 ---p 00010000 08:05 920176                     /lib/x86_64-linux-gnu/libudev.so.1.3.5
7fa057fb6000-7fa057fb7000 r--p 0000f000 08:05 920176                     /lib/x86_64-linux-gnu/libudev.so.1.3.5
7fa057fb7000-7fa057fb8000 rw-p 00010000 08:05 920176                     /lib/x86_64-linux-gnu/libudev.so.1.3.5
7fa057fb8000-7fa057fbe000 r-xp 00000000 08:05 1972247                    /usr/lib/x86_64-linux-gnu/libdatrie.so.1.3.1
7fa057fbe000-7fa0581bd000 ---p 00006000 08:05 1972247                    /usr/lib/x86_64-linux-gnu/libdatrie.so.1.3.1
7fa0581bd000-7fa0581be000 r--p 00005000 08:05 1972247                    /usr/lib/x86_64-linux-gnu/libdatrie.so.1.3.1
7fa0581be000-7fa0581bf000 rw-p 00006000 08:05 1972247                    /usr/lib/x86_64-linux-gnu/libdatrie.so.1.3.1
7fa0581bf000-7fa0581c4000 r-xp 00000000 08:05 1972055                    /usr/lib/x86_64-linux-gnu/libXdmcp.so.6.0.0
7fa0581c4000-7fa0583c3000 ---p 00005000 08:05 1972055                    /usr/lib/x86_64-linux-gnu/libXdmcp.so.6.0.0
7fa0583c3000-7fa0583c4000 r--p 00004000 08:05 1972055                    /usr/lib/x86_64-linux-gnu/libXdmcp.so.6.0.0
7fa0583c4000-7fa0583c5000 rw-p 00005000 08:05 1972055                    /usr/lib/x86_64-linux-gnu/libXdmcp.so.6.0.0
7fa0583c5000-7fa0583c7000 r-xp 00000000 08:05 1972044                    /usr/lib/x86_64-linux-gnu/libXau.so.6.0.0
7fa0583c7000-7fa0585c7000 ---p 00002000 08:05 1972044                    /usr/lib/x86_64-linux-gnu/libXau.so.6.0.0
7fa0585c7000-7fa0585c8000 r--p 00002000 08:05 1972044                    /usr/lib/x86_64-linux-gnu/libXau.so.6.0.0
7fa0585c8000-7fa0585c9000 rw-p 00003000 08:05 1972044                    /usr/lib/x86_64-linux-gnu/libXau.so.6.0.0
7fa0585c9000-7fa0585e3000 r-xp 00000000 08:05 1972473                    /usr/lib/x86_64-linux-gnu/libgraphite2.so.3.0.1
7fa0585e3000-7fa0587e2000 ---p 0001a000 08:05 1972473                    /usr/lib/x86_64-linux-gnu/libgraphite2.so.3.0.1
7fa0587e2000-7fa0587e4000 r--p 00019000 08:05 1972473                    /usr/lib/x86_64-linux-gnu/libgraphite2.so.3.0.1
7fa0587e4000-7fa0587e5000 rw-p 0001b000 08:05 1972473                    /usr/lib/x86_64-linux-gnu/libgraphite2.so.3.0.1
7fa0587e5000-7fa0587f0000 r-xp 00000000 08:05 1972286                    /usr/lib/x86_64-linux-gnu/libdrm.so.2.4.0
7fa0587f0000-7fa0589ef000 ---p 0000b000 08:05 1972286                    /usr/lib/x86_64-linux-gnu/libdrm.so.2.4.0
7fa0589ef000-7fa0589f0000 r--p 0000a000 08:05 1972286                    /usr/lib/x86_64-linux-gnu/libdrm.so.2.4.0
7fa0589f0000-7fa0589f1000 rw-p 0000b000 08:05 1972286                    /usr/lib/x86_64-linux-gnu/libdrm.so.2.4.0
7fa0589f1000-7fa0589f2000 r-xp 00000000 08:05 1973120                    /usr/lib/x86_64-linux-gnu/libxshmfence.so.1.0.0
7fa0589f2000-7fa058bf1000 ---p 00001000 08:05 1973120                    /usr/lib/x86_64-linux-gnu/libxshmfence.so.1.0.0
7fa058bf1000-7fa058bf2000 r--p 00000000 08:05 1973120                    /usr/lib/x86_64-linux-gnu/libxshmfence.so.1.0.0
7fa058bf2000-7fa058bf3000 rw-p 00001000 08:05 1973120                    /usr/lib/x86_64-linux-gnu/libxshmfence.so.1.0.0
7fa058bf3000-7fa058bf8000 r-xp 00000000 08:05 1973102                    /usr/lib/x86_64-linux-gnu/libxcb-sync.so.1.0.0
7fa058bf8000-7fa058df7000 ---p 00005000 08:05 1973102                    /usr/lib/x86_64-linux-gnu/libxcb-sync.so.1.0.0
7fa058df7000-7fa058df8000 r--p 00004000 08:05 1973102                    /usr/lib/x86_64-linux-gnu/libxcb-sync.so.1.0.0
7fa058df8000-7fa058df9000 rw-p 00005000 08:05 1973102                    /usr/lib/x86_64-linux-gnu/libxcb-sync.so.1.0.0
7fa058df9000-7fa058dfb000 r-xp 00000000 08:05 1973090                    /usr/lib/x86_64-linux-gnu/libxcb-present.so.0.0.0
7fa058dfb000-7fa058ffa000 ---p 00002000 08:05 1973090                    /usr/lib/x86_64-linux-gnu/libxcb-present.so.0.0.0
7fa058ffa000-7fa058ffb000 r--p 00001000 08:05 1973090                    /usr/lib/x86_64-linux-gnu/libxcb-present.so.0.0.0
7fa058ffb000-7fa058ffc000 rw-p 00002000 08:05 1973090                    /usr/lib/x86_64-linux-gnu/libxcb-present.so.0.0.0
7fa058ffc000-7fa058ffe000 r-xp 00000000 08:05 1973080                    /usr/lib/x86_64-linux-gnu/libxcb-dri3.so.0.0.0
7fa058ffe000-7fa0591fd000 ---p 00002000 08:05 1973080                    /usr/lib/x86_64-linux-gnu/libxcb-dri3.so.0.0.0
7fa0591fd000-7fa0591fe000 r--p 00001000 08:05 1973080                    /usr/lib/x86_64-linux-gnu/libxcb-dri3.so.0.0.0
7fa0591fe000-7fa0591ff000 rw-p 00002000 08:05 1973080                    /usr/lib/x86_64-linux-gnu/libxcb-dri3.so.0.0.0
7fa0591ff000-7fa059202000 r-xp 00000000 08:05 1973078                    /usr/lib/x86_64-linux-gnu/libxcb-dri2.so.0.0.0
7fa059202000-7fa059402000 ---p 00003000 08:05 1973078                    /usr/lib/x86_64-linux-gnu/libxcb-dri2.so.0.0.0
7fa059402000-7fa059403000 r--p 00003000 08:05 1973078                    /usr/lib/x86_64-linux-gnu/libxcb-dri2.so.0.0.0
7fa059403000-7fa059404000 rw-p 00004000 08:05 1973078                    /usr/lib/x86_64-linux-gnu/libxcb-dri2.so.0.0.0
7fa059404000-7fa059419000 r-xp 00000000 08:05 1973082                    /usr/lib/x86_64-linux-gnu/libxcb-glx.so.0.0.0
7fa059419000-7fa059618000 ---p 00015000 08:05 1973082                    /usr/lib/x86_64-linux-gnu/libxcb-glx.so.0.0.0
7fa059618000-7fa05961a000 r--p 00014000 08:05 1973082                    /usr/lib/x86_64-linux-gnu/libxcb-glx.so.0.0.0
7fa05961a000-7fa05961b000 rw-p 00016000 08:05 1973082                    /usr/lib/x86_64-linux-gnu/libxcb-glx.so.0.0.0
7fa05961b000-7fa05961c000 r-xp 00000000 08:05 1972038                    /usr/lib/x86_64-linux-gnu/libX11-xcb.so.1.0.0
7fa05961c000-7fa05981b000 ---p 00001000 08:05 1972038                    /usr/lib/x86_64-linux-gnu/libX11-xcb.so.1.0.0
7fa05981b000-7fa05981c000 r--p 00000000 08:05 1972038                    /usr/lib/x86_64-linux-gnu/libX11-xcb.so.1.0.0
7fa05981c000-7fa05981d000 rw-p 00001000 08:05 1972038                    /usr/lib/x86_64-linux-gnu/libX11-xcb.so.1.0.0
7fa05981d000-7fa059842000 r-xp 00000000 08:05 1962453                    /usr/lib/x86_64-linux-gnu/libglapi.so.0.0.0
7fa059842000-7fa059a42000 ---p 00025000 08:05 1962453                    /usr/lib/x86_64-linux-gnu/libglapi.so.0.0.0
7fa059a42000-7fa059a45000 r--p 00025000 08:05 1962453                    /usr/lib/x86_64-linux-gnu/libglapi.so.0.0.0
7fa059a45000-7fa059a46000 rw-p 00028000 08:05 1962453                    /usr/lib/x86_64-linux-gnu/libglapi.so.0.0.0
7fa059a46000-7fa059a47000 rw-p 00000000 00:00 0 
7fa059a47000-7fa059a84000 r-xp 00000000 08:05 920354                     /lib/x86_64-linux-gnu/libpcre.so.3.13.1
7fa059a84000-7fa059c83000 ---p 0003d000 08:05 920354                     /lib/x86_64-linux-gnu/libpcre.so.3.13.1
7fa059c83000-7fa059c84000 r--p 0003c000 08:05 920354                     /lib/x86_64-linux-gnu/libpcre.so.3.13.1
7fa059c84000-7fa059c85000 rw-p 0003d000 08:05 920354                     /lib/x86_64-linux-gnu/libpcre.so.3.13.1
7fa059c85000-7fa059c8c000 r-xp 00000000 08:05 1962502                    /usr/lib/x86_64-linux-gnu/libffi.so.6.0.1
7fa059c8c000-7fa059e8b000 ---p 00007000 08:05 1962502                    /usr/lib/x86_64-linux-gnu/libffi.so.6.0.1
7fa059e8b000-7fa059e8c000 r--p 00006000 08:05 1962502                    /usr/lib/x86_64-linux-gnu/libffi.so.6.0.1
7fa059e8c000-7fa059e8d000 rw-p 00007000 08:05 1962502                    /usr/lib/x86_64-linux-gnu/libffi.so.6.0.1
7fa059e8d000-7fa059eb4000 r-xp 00000000 08:05 915731                     /lib/x86_64-linux-gnu/libexpat.so.1.6.0
7fa059eb4000-7fa05a0b4000 ---p 00027000 08:05 915731                     /lib/x86_64-linux-gnu/libexpat.so.1.6.0
7fa05a0b4000-7fa05a0b6000 r--p 00027000 08:05 915731                     /lib/x86_64-linux-gnu/libexpat.so.1.6.0
7fa05a0b6000-7fa05a0b7000 rw-p 00029000 08:05 915731                     /lib/x86_64-linux-gnu/libexpat.so.1.6.0
7fa05a0b7000-7fa05a0bf000 r-xp 00000000 08:05 1972970                    /usr/lib/x86_64-linux-gnu/libthai.so.0.2.0
7fa05a0bf000-7fa05a2be000 ---p 00008000 08:05 1972970                    /usr/lib/x86_64-linux-gnu/libthai.so.0.2.0
7fa05a2be000-7fa05a2bf000 r--p 00007000 08:05 1972970                    /usr/lib/x86_64-linux-gnu/libthai.so.0.2.0
7fa05a2bf000-7fa05a2c0000 rw-p 00008000 08:05 1972970                    /usr/lib/x86_64-linux-gnu/libthai.so.0.2.0
7fa05a2c0000-7fa05a2dd000 r-xp 00000000 08:05 1973110                    /usr/lib/x86_64-linux-gnu/libxcb.so.1.1.0
7fa05a2dd000-7fa05a4dd000 ---p 0001d000 08:05 1973110                    /usr/lib/x86_64-linux-gnu/libxcb.so.1.1.0
7fa05a4dd000-7fa05a4de000 r--p 0001d000 08:05 1973110                    /usr/lib/x86_64-linux-gnu/libxcb.so.1.1.0
7fa05a4de000-7fa05a4df000 rw-p 0001e000 08:05 1973110                    /usr/lib/x86_64-linux-gnu/libxcb.so.1.1.0
7fa05a4df000-7fa05a4e7000 r-xp 00000000 08:05 1973096                    /usr/lib/x86_64-linux-gnu/libxcb-render.so.0.0.0
7fa05a4e7000-7fa05a6e6000 ---p 00008000 08:05 1973096                    /usr/lib/x86_64-linux-gnu/libxcb-render.so.0.0.0
7fa05a6e6000-7fa05a6e7000 r--p 00007000 08:05 1973096                    /usr/lib/x86_64-linux-gnu/libxcb-render.so.0.0.0
7fa05a6e7000-7fa05a6e8000 rw-p 00008000 08:05 1973096                    /usr/lib/x86_64-linux-gnu/libxcb-render.so.0.0.0
7fa05a6e8000-7fa05a6ea000 r-xp 00000000 08:05 1973100                    /usr/lib/x86_64-linux-gnu/libxcb-shm.so.0.0.0
7fa05a6ea000-7fa05a8e9000 ---p 00002000 08:05 1973100                    /usr/lib/x86_64-linux-gnu/libxcb-shm.so.0.0.0
7fa05a8e9000-7fa05a8ea000 r--p 00001000 08:05 1973100                    /usr/lib/x86_64-linux-gnu/libxcb-shm.so.0.0.0
7fa05a8ea000-7fa05a8eb000 rw-p 00002000 08:05 1973100                    /usr/lib/x86_64-linux-gnu/libxcb-shm.so.0.0.0
7fa05a8eb000-7fa05a910000 r-xp 00000000 08:05 916013                     /lib/x86_64-linux-gnu/libpng12.so.0.50.0
7fa05a910000-7fa05ab0f000 ---p 00025000 08:05 916013                     /lib/x86_64-linux-gnu/libpng12.so.0.50.0
7fa05ab0f000-7fa05ab10000 r--p 00024000 08:05 916013                     /lib/x86_64-linux-gnu/libpng12.so.0.50.0
7fa05ab10000-7fa05ab11000 rw-p 00025000 08:05 916013                     /lib/x86_64-linux-gnu/libpng12.so.0.50.0
7fa05ab11000-7fa05abb2000 r-xp 00000000 08:05 1972802                    /usr/lib/x86_64-linux-gnu/libpixman-1.so.0.30.2
7fa05abb2000-7fa05adb2000 ---p 000a1000 08:05 1972802                    /usr/lib/x86_64-linux-gnu/libpixman-1.so.0.30.2
7fa05adb2000-7fa05adb9000 r--p 000a1000 08:05 1972802                    /usr/lib/x86_64-linux-gnu/libpixman-1.so.0.30.2
7fa05adb9000-7fa05adba000 rw-p 000a8000 08:05 1972802                    /usr/lib/x86_64-linux-gnu/libpixman-1.so.0.30.2
7fa05adba000-7fa05ae0d000 r-xp 00000000 08:05 1972586                    /usr/lib/x86_64-linux-gnu/libharfbuzz.so.0.927.0
7fa05ae0d000-7fa05b00d000 ---p 00053000 08:05 1972586                    /usr/lib/x86_64-linux-gnu/libharfbuzz.so.0.927.0
7fa05b00d000-7fa05b00e000 r--p 00053000 08:05 1972586                    /usr/lib/x86_64-linux-gnu/libharfbuzz.so.0.927.0
7fa05b00e000-7fa05b00f000 rw-p 00054000 08:05 1972586                    /usr/lib/x86_64-linux-gnu/libharfbuzz.so.0.927.0
7fa05b00f000-7fa05b026000 r-xp 00000000 08:05 920377                     /lib/x86_64-linux-gnu/libresolv-2.19.so
7fa05b026000-7fa05b226000 ---p 00017000 08:05 920377                     /lib/x86_64-linux-gnu/libresolv-2.19.so
7fa05b226000-7fa05b227000 r--p 00017000 08:05 920377                     /lib/x86_64-linux-gnu/libresolv-2.19.so
7fa05b227000-7fa05b228000 rw-p 00018000 08:05 920377                     /lib/x86_64-linux-gnu/libresolv-2.19.so
7fa05b228000-7fa05b22a000 rw-p 00000000 00:00 0 
7fa05b22a000-7fa05b24a000 r-xp 00000000 08:05 920381                     /lib/x86_64-linux-gnu/libselinux.so.1
7fa05b24a000-7fa05b449000 ---p 00020000 08:05 920381                     /lib/x86_64-linux-gnu/libselinux.so.1
7fa05b449000-7fa05b44a000 r--p 0001f000 08:05 920381                     /lib/x86_64-linux-gnu/libselinux.so.1
7fa05b44a000-7fa05b44b000 rw-p 00020000 08:05 920381                     /lib/x86_64-linux-gnu/libselinux.so.1
7fa05b44b000-7fa05b44d000 rw-p 00000000 00:00 0 
7fa05b44d000-7fa05b465000 r-xp 00000000 08:05 920414                     /lib/x86_64-linux-gnu/libz.so.1.2.8
7fa05b465000-7fa05b664000 ---p 00018000 08:05 920414                     /lib/x86_64-linux-gnu/libz.so.1.2.8
7fa05b664000-7fa05b665000 r--p 00017000 08:05 920414                     /lib/x86_64-linux-gnu/libz.so.1.2.8
7fa05b665000-7fa05b666000 rw-p 00018000 08:05 920414                     /lib/x86_64-linux-gnu/libz.so.1.2.8
7fa05b666000-7fa05b677000 r-xp 00000000 08:05 1972057                    /usr/lib/x86_64-linux-gnu/libXext.so.6.4.0
7fa05b677000-7fa05b876000 ---p 00011000 08:05 1972057                    /usr/lib/x86_64-linux-gnu/libXext.so.6.4.0
7fa05b876000-7fa05b877000 r--p 00010000 08:05 1972057                    /usr/lib/x86_64-linux-gnu/libXext.so.6.4.0
7fa05b877000-7fa05b878000 rw-p 00011000 08:05 1972057                    /usr/lib/x86_64-linux-gnu/libXext.so.6.4.0
7fa05b878000-7fa05b87a000 r-xp 00000000 08:05 1972053                    /usr/lib/x86_64-linux-gnu/libXdamage.so.1.1.0
7fa05b87a000-7fa05ba79000 ---p 00002000 08:05 1972053                    /usr/lib/x86_64-linux-gnu/libXdamage.so.1.1.0
7fa05ba79000-7fa05ba7a000 r--p 00001000 08:05 1972053                    /usr/lib/x86_64-linux-gnu/libXdamage.so.1.1.0
7fa05ba7a000-7fa05ba7b000 rw-p 00002000 08:05 1972053                    /usr/lib/x86_64-linux-gnu/libXdamage.so.1.1.0
7fa05ba7b000-7fa05ba7d000 r-xp 00000000 08:05 1972049                    /usr/lib/x86_64-linux-gnu/libXcomposite.so.1.0.0
7fa05ba7d000-7fa05bc7c000 ---p 00002000 08:05 1972049                    /usr/lib/x86_64-linux-gnu/libXcomposite.so.1.0.0
7fa05bc7c000-7fa05bc7d000 r--p 00001000 08:05 1972049                    /usr/lib/x86_64-linux-gnu/libXcomposite.so.1.0.0
7fa05bc7d000-7fa05bc7e000 rw-p 00002000 08:05 1972049                    /usr/lib/x86_64-linux-gnu/libXcomposite.so.1.0.0
7fa05bc7e000-7fa05bc87000 r-xp 00000000 08:05 1972051                    /usr/lib/x86_64-linux-gnu/libXcursor.so.1.0.2
7fa05bc87000-7fa05be86000 ---p 00009000 08:05 1972051                    /usr/lib/x86_64-linux-gnu/libXcursor.so.1.0.2
7fa05be86000-7fa05be87000 r--p 00008000 08:05 1972051                    /usr/lib/x86_64-linux-gnu/libXcursor.so.1.0.2
7fa05be87000-7fa05be88000 rw-p 00009000 08:05 1972051                    /usr/lib/x86_64-linux-gnu/libXcursor.so.1.0.2
7fa05be88000-7fa05be91000 r-xp 00000000 08:05 1972077                    /usr/lib/x86_64-linux-gnu/libXrandr.so.2.2.0
7fa05be91000-7fa05c090000 ---p 00009000 08:05 1972077                    /usr/lib/x86_64-linux-gnu/libXrandr.so.2.2.0
7fa05c090000-7fa05c091000 r--p 00008000 08:05 1972077                    /usr/lib/x86_64-linux-gnu/libXrandr.so.2.2.0
7fa05c091000-7fa05c092000 rw-p 00009000 08:05 1972077                    /usr/lib/x86_64-linux-gnu/libXrandr.so.2.2.0
7fa05c092000-7fa05c0a1000 r-xp 00000000 08:05 1972065                    /usr/lib/x86_64-linux-gnu/libXi.so.6.1.0
7fa05c0a1000-7fa05c2a0000 ---p 0000f000 08:05 1972065                    /usr/lib/x86_64-linux-gnu/libXi.so.6.1.0
7fa05c2a0000-7fa05c2a1000 r--p 0000e000 08:05 1972065                    /usr/lib/x86_64-linux-gnu/libXi.so.6.1.0
7fa05c2a1000-7fa05c2a2000 rw-p 0000f000 08:05 1972065                    /usr/lib/x86_64-linux-gnu/libXi.so.6.1.0
7fa05c2a2000-7fa05c2a4000 r-xp 00000000 08:05 1972067                    /usr/lib/x86_64-linux-gnu/libXinerama.so.1.0.0
7fa05c2a4000-7fa05c4a3000 ---p 00002000 08:05 1972067                    /usr/lib/x86_64-linux-gnu/libXinerama.so.1.0.0
7fa05c4a3000-7fa05c4a4000 r--p 00001000 08:05 1972067                    /usr/lib/x86_64-linux-gnu/libXinerama.so.1.0.0
7fa05c4a4000-7fa05c4a5000 rw-p 00002000 08:05 1972067                    /usr/lib/x86_64-linux-gnu/libXinerama.so.1.0.0
7fa05c4a5000-7fa05c4ae000 r-xp 00000000 08:05 1972079                    /usr/lib/x86_64-linux-gnu/libXrender.so.1.3.0
7fa05c4ae000-7fa05c6ad000 ---p 00009000 08:05 1972079                    /usr/lib/x86_64-linux-gnu/libXrender.so.1.3.0
7fa05c6ad000-7fa05c6ae000 r--p 00008000 08:05 1972079                    /usr/lib/x86_64-linux-gnu/libXrender.so.1.3.0
7fa05c6ae000-7fa05c6af000 rw-p 00009000 08:05 1972079                    /usr/lib/x86_64-linux-gnu/libXrender.so.1.3.0
7fa05c6af000-7fa05c6b4000 r-xp 00000000 08:05 1972059                    /usr/lib/x86_64-linux-gnu/libXfixes.so.3.1.0
7fa05c6b4000-7fa05c8b3000 ---p 00005000 08:05 1972059                    /usr/lib/x86_64-linux-gnu/libXfixes.so.3.1.0
7fa05c8b3000-7fa05c8b4000 r--p 00004000 08:05 1972059                    /usr/lib/x86_64-linux-gnu/libXfixes.so.3.1.0
7fa05c8b4000-7fa05c8b5000 rw-p 00005000 08:05 1972059                    /usr/lib/x86_64-linux-gnu/libXfixes.so.3.1.0
7fa05c8b5000-7fa05c8cb000 r-xp 00000000 08:05 915817                     /lib/x86_64-linux-gnu/libgcc_s.so.1
7fa05c8cb000-7fa05caca000 ---p 00016000 08:05 915817                     /lib/x86_64-linux-gnu/libgcc_s.so.1
7fa05caca000-7fa05cacb000 rw-p 00015000 08:05 915817                     /lib/x86_64-linux-gnu/libgcc_s.so.1
7fa05cacb000-7fa05cbb1000 r-xp 00000000 08:05 1972948                    /usr/lib/x86_64-linux-gnu/libstdc++.so.6.0.19
7fa05cbb1000-7fa05cdb0000 ---p 000e6000 08:05 1972948                    /usr/lib/x86_64-linux-gnu/libstdc++.so.6.0.19
7fa05cdb0000-7fa05cdb8000 r--p 000e5000 08:05 1972948                    /usr/lib/x86_64-linux-gnu/libstdc++.so.6.0.19
7fa05cdb8000-7fa05cdba000 rw-p 000ed000 08:05 1972948                    /usr/lib/x86_64-linux-gnu/libstdc++.so.6.0.19
7fa05cdba000-7fa05cdcf000 rw-p 00000000 00:00 0 
7fa05cdcf000-7fa05ce5d000 r-xp 00000000 08:05 2224296                    /usr/lib/x86_64-linux-gnu/mesa/libGL.so.1.2.0
7fa05ce5d000-7fa05d05c000 ---p 0008e000 08:05 2224296                    /usr/lib/x86_64-linux-gnu/mesa/libGL.so.1.2.0
7fa05d05c000-7fa05d05f000 r--p 0008d000 08:05 2224296                    /usr/lib/x86_64-linux-gnu/mesa/libGL.so.1.2.0
7fa05d05f000-7fa05d060000 rw-p 00090000 08:05 2224296                    /usr/lib/x86_64-linux-gnu/mesa/libGL.so.1.2.0
7fa05d060000-7fa05d061000 rw-p 00000000 00:00 0 
7fa05d061000-7fa05d065000 r-xp 00000000 08:05 1972095                    /usr/lib/x86_64-linux-gnu/libXxf86vm.so.1.0.0
7fa05d065000-7fa05d265000 ---p 00004000 08:05 1972095                    /usr/lib/x86_64-linux-gnu/libXxf86vm.so.1.0.0
7fa05d265000-7fa05d266000 r--p 00004000 08:05 1972095                    /usr/lib/x86_64-linux-gnu/libXxf86vm.so.1.0.0
7fa05d266000-7fa05d267000 rw-p 00005000 08:05 1972095                    /usr/lib/x86_64-linux-gnu/libXxf86vm.so.1.0.0
7fa05d267000-7fa05d397000 r-xp 00000000 08:05 1972040                    /usr/lib/x86_64-linux-gnu/libX11.so.6.3.0
7fa05d397000-7fa05d597000 ---p 00130000 08:05 1972040                    /usr/lib/x86_64-linux-gnu/libX11.so.6.3.0
7fa05d597000-7fa05d598000 r--p 00130000 08:05 1972040                    /usr/lib/x86_64-linux-gnu/libX11.so.6.3.0
7fa05d598000-7fa05d59c000 rw-p 00131000 08:05 1972040                    /usr/lib/x86_64-linux-gnu/libX11.so.6.3.0
7fa05d59c000-7fa05d5a1000 r-xp 00000000 08:05 1972085                    /usr/lib/x86_64-linux-gnu/libXtst.so.6.1.0
7fa05d5a1000-7fa05d7a0000 ---p 00005000 08:05 1972085                    /usr/lib/x86_64-linux-gnu/libXtst.so.6.1.0
7fa05d7a0000-7fa05d7a1000 r--p 00004000 08:05 1972085                    /usr/lib/x86_64-linux-gnu/libXtst.so.6.1.0
7fa05d7a1000-7fa05d7a2000 rw-p 00005000 08:05 1972085                    /usr/lib/x86_64-linux-gnu/libXtst.so.6.1.0
7fa05d7a2000-7fa05d8a8000 r-xp 00000000 08:05 920282                     /lib/x86_64-linux-gnu/libglib-2.0.so.0.4002.0
7fa05d8a8000-7fa05daa7000 ---p 00106000 08:05 920282                     /lib/x86_64-linux-gnu/libglib-2.0.so.0.4002.0
7fa05daa7000-7fa05daa8000 r--p 00105000 08:05 920282                     /lib/x86_64-linux-gnu/libglib-2.0.so.0.4002.0
7fa05daa8000-7fa05daa9000 rw-p 00106000 08:05 920282                     /lib/x86_64-linux-gnu/libglib-2.0.so.0.4002.0
7fa05daa9000-7fa05daaa000 rw-p 00000000 00:00 0 
7fa05daaa000-7fa05daab000 r-xp 00000000 08:05 1972562                    /usr/lib/x86_64-linux-gnu/libgthread-2.0.so.0.4002.0
7fa05daab000-7fa05dcaa000 ---p 00001000 08:05 1972562                    /usr/lib/x86_64-linux-gnu/libgthread-2.0.so.0.4002.0
7fa05dcaa000-7fa05dcab000 r--p 00000000 08:05 1972562                    /usr/lib/x86_64-linux-gnu/libgthread-2.0.so.0.4002.0
7fa05dcab000-7fa05dcac000 rw-p 00001000 08:05 1972562                    /usr/lib/x86_64-linux-gnu/libgthread-2.0.so.0.4002.0
7fa05dcac000-7fa05dcaf000 r-xp 00000000 08:05 1972439                    /usr/lib/x86_64-linux-gnu/libgmodule-2.0.so.0.4002.0
7fa05dcaf000-7fa05deae000 ---p 00003000 08:05 1972439                    /usr/lib/x86_64-linux-gnu/libgmodule-2.0.so.0.4002.0
7fa05deae000-7fa05deaf000 r--p 00002000 08:05 1972439                    /usr/lib/x86_64-linux-gnu/libgmodule-2.0.so.0.4002.0
7fa05deaf000-7fa05deb0000 rw-p 00003000 08:05 1972439                    /usr/lib/x86_64-linux-gnu/libgmodule-2.0.so.0.4002.0
7fa05deb0000-7fa05deff000 r-xp 00000000 08:05 1972455                    /usr/lib/x86_64-linux-gnu/libgobject-2.0.so.0.4002.0
7fa05deff000-7fa05e0ff000 ---p 0004f000 08:05 1972455                    /usr/lib/x86_64-linux-gnu/libgobject-2.0.so.0.4002.0
7fa05e0ff000-7fa05e100000 r--p 0004f000 08:05 1972455                    /usr/lib/x86_64-linux-gnu/libgobject-2.0.so.0.4002.0
7fa05e100000-7fa05e101000 rw-p 00050000 08:05 1972455                    /usr/lib/x86_64-linux-gnu/libgobject-2.0.so.0.4002.0
7fa05e101000-7fa05e13b000 r-xp 00000000 08:05 1972340                    /usr/lib/x86_64-linux-gnu/libfontconfig.so.1.8.0
7fa05e13b000-7fa05e33a000 ---p 0003a000 08:05 1972340                    /usr/lib/x86_64-linux-gnu/libfontconfig.so.1.8.0
7fa05e33a000-7fa05e33c000 r--p 00039000 08:05 1972340                    /usr/lib/x86_64-linux-gnu/libfontconfig.so.1.8.0
7fa05e33c000-7fa05e33d000 rw-p 0003b000 08:05 1972340                    /usr/lib/x86_64-linux-gnu/libfontconfig.so.1.8.0
7fa05e33d000-7fa05e3da000 r-xp 00000000 08:05 1972611                    /usr/lib/x86_64-linux-gnu/libfreetype.so.6.11.1
7fa05e3da000-7fa05e5d9000 ---p 0009d000 08:05 1972611                    /usr/lib/x86_64-linux-gnu/libfreetype.so.6.11.1
7fa05e5d9000-7fa05e5df000 r--p 0009c000 08:05 1972611                    /usr/lib/x86_64-linux-gnu/libfreetype.so.6.11.1
7fa05e5df000-7fa05e5e0000 rw-p 000a2000 08:05 1972611                    /usr/lib/x86_64-linux-gnu/libfreetype.so.6.11.1
7fa05e5e0000-7fa05e62a000 r-xp 00000000 08:05 1972779                    /usr/lib/x86_64-linux-gnu/libpango-1.0.so.0.3600.3
7fa05e62a000-7fa05e82a000 ---p 0004a000 08:05 1972779                    /usr/lib/x86_64-linux-gnu/libpango-1.0.so.0.3600.3
7fa05e82a000-7fa05e82c000 r--p 0004a000 08:05 1972779                    /usr/lib/x86_64-linux-gnu/libpango-1.0.so.0.3600.3
7fa05e82c000-7fa05e82d000 rw-p 0004c000 08:05 1972779                    /usr/lib/x86_64-linux-gnu/libpango-1.0.so.0.3600.3
7fa05e82d000-7fa05e933000 r-xp 00000000 08:05 1972175                    /usr/lib/x86_64-linux-gnu/libcairo.so.2.11301.0
7fa05e933000-7fa05eb32000 ---p 00106000 08:05 1972175                    /usr/lib/x86_64-linux-gnu/libcairo.so.2.11301.0
7fa05eb32000-7fa05eb35000 r--p 00105000 08:05 1972175                    /usr/lib/x86_64-linux-gnu/libcairo.so.2.11301.0
7fa05eb35000-7fa05eb36000 rw-p 00108000 08:05 1972175                    /usr/lib/x86_64-linux-gnu/libcairo.so.2.11301.0
7fa05eb36000-7fa05eb38000 rw-p 00000000 00:00 0 
7fa05eb38000-7fa05eb43000 r-xp 00000000 08:05 1972781                    /usr/lib/x86_64-linux-gnu/libpangocairo-1.0.so.0.3600.3
7fa05eb43000-7fa05ed43000 ---p 0000b000 08:05 1972781                    /usr/lib/x86_64-linux-gnu/libpangocairo-1.0.so.0.3600.3
7fa05ed43000-7fa05ed44000 r--p 0000b000 08:05 1972781                    /usr/lib/x86_64-linux-gnu/libpangocairo-1.0.so.0.3600.3
7fa05ed44000-7fa05ed45000 rw-p 0000c000 08:05 1972781                    /usr/lib/x86_64-linux-gnu/libpangocairo-1.0.so.0.3600.3
7fa05ed45000-7fa05ed65000 r-xp 00000000 08:05 1971107                    /usr/lib/x86_64-linux-gnu/libgdk_pixbuf-2.0.so.0.3000.7
7fa05ed65000-7fa05ef64000 ---p 00020000 08:05 1971107                    /usr/lib/x86_64-linux-gnu/libgdk_pixbuf-2.0.so.0.3000.7
7fa05ef64000-7fa05ef65000 r--p 0001f000 08:05 1971107                    /usr/lib/x86_64-linux-gnu/libgdk_pixbuf-2.0.so.0.3000.7
7fa05ef65000-7fa05ef66000 rw-p 00020000 08:05 1971107                    /usr/lib/x86_64-linux-gnu/libgdk_pixbuf-2.0.so.0.3000.7
7fa05ef66000-7fa05ef7a000 r-xp 00000000 08:05 1972783                    /usr/lib/x86_64-linux-gnu/libpangoft2-1.0.so.0.3600.3
7fa05ef7a000-7fa05f179000 ---p 00014000 08:05 1972783                    /usr/lib/x86_64-linux-gnu/libpangoft2-1.0.so.0.3600.3
7fa05f179000-7fa05f17a000 r--p 00013000 08:05 1972783                    /usr/lib/x86_64-linux-gnu/libpangoft2-1.0.so.0.3600.3
7fa05f17a000-7fa05f17b000 rw-p 00014000 08:05 1972783                    /usr/lib/x86_64-linux-gnu/libpangoft2-1.0.so.0.3600.3
7fa05f17b000-7fa05f2e7000 r-xp 00000000 08:05 1972427                    /usr/lib/x86_64-linux-gnu/libgio-2.0.so.0.4002.0
7fa05f2e7000-7fa05f4e6000 ---p 0016c000 08:05 1972427                    /usr/lib/x86_64-linux-gnu/libgio-2.0.so.0.4002.0
7fa05f4e6000-7fa05f4ea000 r--p 0016b000 08:05 1972427                    /usr/lib/x86_64-linux-gnu/libgio-2.0.so.0.4002.0
7fa05f4ea000-7fa05f4ec000 rw-p 0016f000 08:05 1972427                    /usr/lib/x86_64-linux-gnu/libgio-2.0.so.0.4002.0
7fa05f4ec000-7fa05f4ee000 rw-p 00000000 00:00 0 
7fa05f4ee000-7fa05f50d000 r-xp 00000000 08:05 1972136                    /usr/lib/x86_64-linux-gnu/libatk-1.0.so.0.21009.1
7fa05f50d000-7fa05f70d000 ---p 0001f000 08:05 1972136                    /usr/lib/x86_64-linux-gnu/libatk-1.0.so.0.21009.1
7fa05f70d000-7fa05f70f000 r--p 0001f000 08:05 1972136                    /usr/lib/x86_64-linux-gnu/libatk-1.0.so.0.21009.1
7fa05f70f000-7fa05f710000 rw-p 00021000 08:05 1972136                    /usr/lib/x86_64-linux-gnu/libatk-1.0.so.0.21009.1
7fa05f710000-7fa05f7be000 r-xp 00000000 08:05 1971123                    /usr/lib/x86_64-linux-gnu/libgdk-x11-2.0.so.0.2400.23
7fa05f7be000-7fa05f9bd000 ---p 000ae000 08:05 1971123                    /usr/lib/x86_64-linux-gnu/libgdk-x11-2.0.so.0.2400.23
7fa05f9bd000-7fa05f9c1000 r--p 000ad000 08:05 1971123                    /usr/lib/x86_64-linux-gnu/libgdk-x11-2.0.so.0.2400.23
7fa05f9c1000-7fa05f9c3000 rw-p 000b1000 08:05 1971123                    /usr/lib/x86_64-linux-gnu/libgdk-x11-2.0.so.0.2400.23
7fa05f9c3000-7fa05fdf3000 r-xp 00000000 08:05 1971126                    /usr/lib/x86_64-linux-gnu/libgtk-x11-2.0.so.0.2400.23
7fa05fdf3000-7fa05fff2000 ---p 00430000 08:05 1971126                    /usr/lib/x86_64-linux-gnu/libgtk-x11-2.0.so.0.2400.23
7fa05fff2000-7fa05fff9000 r--p 0042f000 08:05 1971126                    /usr/lib/x86_64-linux-gnu/libgtk-x11-2.0.so.0.2400.23
7fa05fff9000-7fa05fffd000 rw-p 00436000 08:05 1971126                    /usr/lib/x86_64-linux-gnu/libgtk-x11-2.0.so.0.2400.23
7fa05fffd000-7fa060000000 rw-p 00000000 00:00 0 
7fa060000000-7fa060295000 rw-p 00000000 00:00 0 
7fa060295000-7fa064000000 ---p 00000000 00:00 0 
7fa064000000-7fa064179000 rw-p 00000000 00:00 0 
7fa064179000-7fa068000000 ---p 00000000 00:00 0 
7fa068000000-7fa068021000 rw-p 00000000 00:00 0 
7fa068021000-7fa06c000000 ---p 00000000 00:00 0 
7fa06c000000-7fa06c021000 rw-p 00000000 00:00 0 
7fa06c021000-7fa070000000 ---p 00000000 00:00 0 
7fa070000000-7fa070bda000 rw-p 00000000 00:00 0 
7fa070bda000-7fa074000000 ---p 00000000 00:00 0 
7fa074000000-7fa074021000 rw-p 00000000 00:00 0 
7fa074021000-7fa078000000 ---p 00000000 00:00 0 
7fa078000000-7fa07a766000 rw-p 00000000 00:00 0 
7fa07a766000-7fa07c000000 ---p 00000000 00:00 0 
7fa07c000000-7fa07cdca000 rw-p 00000000 00:00 0 
7fa07cdca000-7fa080000000 ---p 00000000 00:00 0 
7fa080000000-7fa080021000 rw-p 00000000 00:00 0 
7fa080021000-7fa084000000 ---p 00000000 00:00 0 
7fa084000000-7fa084021000 rw-p 00000000 00:00 0 
7fa084021000-7fa088000000 ---p 00000000 00:00 0 
7fa088000000-7fa08828c000 rw-p 00000000 00:00 0 
7fa08828c000-7fa08c000000 ---p 00000000 00:00 0 
7fa08c000000-7fa08c021000 rw-p 00000000 00:00 0 
7fa08c021000-7fa090000000 ---p 00000000 00:00 0 
7fa090000000-7fa090021000 rw-p 00000000 00:00 0 
7fa090021000-7fa094000000 ---p 00000000 00:00 0 
7fa094000000-7fa094021000 rw-p 00000000 00:00 0 
7fa094021000-7fa098000000 ---p 00000000 00:00 0 
7fa098000000-7fa098021000 rw-p 00000000 00:00 0 
7fa098021000-7fa09c000000 ---p 00000000 00:00 0 
7fa09c000000-7fa09c002000 r--s 00000000 08:05 142422                     /var/cache/fontconfig/67709b7835c0f764c1135060c9575660-le64.cache-4
7fa09c002000-7fa09c003000 r--s 00000000 08:05 139703                     /var/cache/fontconfig/0c9eb80ebd1c36541ebe2852d3bb0c49-le64.cache-4
7fa09c003000-7fa09c005000 r--s 00000000 08:05 142414                     /var/cache/fontconfig/6e6b34ae150a7ad95e82fb4a522f0bda-le64.cache-4
7fa09c005000-7fa09c006000 r--s 00000000 08:05 142413                     /var/cache/fontconfig/3334a778d104e76d188e9df399bc24d2-le64.cache-4
7fa09c006000-7fa09c007000 r--s 00000000 08:05 142410                     /var/cache/fontconfig/c277e94e32b20404286a1ddafa5a80f0-le64.cache-4
7fa09c007000-7fa09c00a000 r--s 00000000 08:05 142401                     /var/cache/fontconfig/de83a0a961185c8bd1f159015d56c039-le64.cache-4
7fa09c00a000-7fa09c00e000 r--s 00000000 08:05 142389                     /var/cache/fontconfig/7ef2298fde41cc6eeb7af42e48b7d293-le64.cache-4
7fa09c00e000-7fa09c00f000 r--s 00000000 08:05 137328                     /var/cache/fontconfig/e0aa53bcfa504e64f87823c16bc01eb6-le64.cache-4
7fa09c00f000-7fa09c04f000 r--p 00000000 08:05 273925                     /usr/share/glib-2.0/schemas/gschemas.compiled
7fa09c04f000-7fa09c05b000 r-xp 00000000 08:05 2198038                    /usr/lib/jvm/java-8-oracle/jre/lib/amd64/libprism_es2.so
7fa09c05b000-7fa09c25a000 ---p 0000c000 08:05 2198038                    /usr/lib/jvm/java-8-oracle/jre/lib/amd64/libprism_es2.so
7fa09c25a000-7fa09c25b000 rw-p 0000b000 08:05 2198038                    /usr/lib/jvm/java-8-oracle/jre/lib/amd64/libprism_es2.so
7fa09c25b000-7fa09c25e000 ---p 00000000 00:00 0 
7fa09c25e000-7fa09c35c000 rw-p 00000000 00:00 0                          [stack:6127]
7fa09c35c000-7fa09c35f000 ---p 00000000 00:00 0 
7fa09c35f000-7fa09c48e000 rw-p 00000000 00:00 0                          [stack:6126]
7fa09c48e000-7fa09c4a4000 r-xp 00000000 08:05 2198060                    /usr/lib/jvm/java-8-oracle/jre/lib/amd64/libnet.so
7fa09c4a4000-7fa09c6a4000 ---p 00016000 08:05 2198060                    /usr/lib/jvm/java-8-oracle/jre/lib/amd64/libnet.so
7fa09c6a4000-7fa09c6a5000 rw-p 00016000 08:05 2198060                    /usr/lib/jvm/java-8-oracle/jre/lib/amd64/libnet.so
7fa09c6a5000-7fa09c73b000 r--s 01102000 08:05 2198091                    /usr/lib/jvm/java-8-oracle/jre/lib/ext/jfxrt.jar
7fa09c73b000-7fa09c73e000 ---p 00000000 00:00 0 
7fa09c73e000-7fa09c83c000 rw-p 00000000 00:00 0                          [stack:6116]
7fa09c83c000-7fa09c83d000 r-xp 00000000 08:05 586164                     /home/sri/Downloads/install/idea-IC-143.381.42/bin/libbreakgen64.so
7fa09c83d000-7fa09ca3c000 ---p 00001000 08:05 586164                     /home/sri/Downloads/install/idea-IC-143.381.42/bin/libbreakgen64.so
7fa09ca3c000-7fa09ca3d000 r--p 00000000 08:05 586164                     /home/sri/Downloads/install/idea-IC-143.381.42/bin/libbreakgen64.so
7fa09ca3d000-7fa09ca3e000 rw-p 00001000 08:05 586164                     /home/sri/Downloads/install/idea-IC-143.381.42/bin/libbreakgen64.so
7fa09ca3e000-7fa09ca3f000 ---p 00000000 00:00 0 
7fa09ca3f000-7fa09cb3f000 rw-p 00000000 00:00 0                          [stack:6110]
7fa09cb3f000-7fa09cb42000 ---p 00000000 00:00 0 
7fa09cb42000-7fa09cc40000 rw-p 00000000 00:00 0                          [stack:6108]
7fa09cc40000-7fa09cc43000 ---p 00000000 00:00 0 
7fa09cc43000-7fa09cd41000 rw-p 00000000 00:00 0                          [stack:6107]
7fa09cd41000-7fa09cd44000 ---p 00000000 00:00 0 
7fa09cd44000-7fa09ce42000 rw-p 00000000 00:00 0                          [stack:6106]
7fa09ce42000-7fa09ce45000 ---p 00000000 00:00 0 
7fa09ce45000-7fa09cf43000 rw-p 00000000 00:00 0                          [stack:6105]
7fa09cf43000-7fa09cf46000 ---p 00000000 00:00 0 
7fa09cf46000-7fa09d044000 rw-p 00000000 00:00 0                          [stack:6104]
7fa09d044000-7fa09d766000 r--p 00000000 08:05 1970486                    /usr/lib/locale/locale-archive
7fa09d766000-7fa09d769000 ---p 00000000 00:00 0 
7fa09d769000-7fa09d867000 rw-p 00000000 00:00 0                          [stack:6103]
7fa09d867000-7fa09d86a000 ---p 00000000 00:00 0 
7fa09d86a000-7fa09d968000 rw-p 00000000 00:00 0                          [stack:6102]
7fa09d968000-7fa09d969000 ---p 00000000 00:00 0 
7fa09d969000-7fa0a0000000 rw-p 00000000 00:00 0                          [stack:6101]
7fa0a0000000-7fa0a0021000 rw-p 00000000 00:00 0 
7fa0a0021000-7fa0a4000000 ---p 00000000 00:00 0 
7fa0a4000000-7fa0a4004000 r--p 00000000 08:05 310031                     /home/sri/.config/dconf/user
7fa0a4004000-7fa0a4005000 r--s 00000000 00:16 301429                     /run/user/1000/dconf/user
7fa0a4005000-7fa0a4006000 rw-s 13156e000 00:06 2478                      /dev/dri/card0
7fa0a4006000-7fa0a4008000 r--s 0001e000 08:05 546725                     /home/sri/Downloads/install/idea-IC-143.381.42/lib/idea_rt.jar
7fa0a4008000-7fa0a401a000 r--s 00345000 08:05 2198231                    /usr/lib/jvm/java-8-oracle/jre/lib/resources.jar
7fa0a401a000-7fa0a402d000 r--s 000d6000 08:05 2198077                    /usr/lib/jvm/java-8-oracle/jre/lib/plugin.jar
7fa0a402d000-7fa0a4031000 r--s 00097000 08:05 2198230                    /usr/lib/jvm/java-8-oracle/jre/lib/jsse.jar
7fa0a4031000-7fa0a4036000 r--s 00084000 08:05 2198095                    /usr/lib/jvm/java-8-oracle/jre/lib/jfr.jar
7fa0a4036000-7fa0a4039000 r--s 0001a000 08:05 2198080                    /usr/lib/jvm/java-8-oracle/jre/lib/jce.jar
7fa0a4039000-7fa0a4054000 r--s 00208000 08:05 2198075                    /usr/lib/jvm/java-8-oracle/jre/lib/deploy.jar
7fa0a4054000-7fa0a5000000 rw-p 00000000 00:00 0 
7fa0a5000000-7fa0a5b20000 rwxp 00000000 00:00 0 
7fa0a5b20000-7fa0b4000000 ---p 00000000 00:00 0 
7fa0b4000000-7fa0b4204000 rw-p 00000000 00:00 0 
7fa0b4204000-7fa0b8000000 ---p 00000000 00:00 0 
7fa0b8000000-7fa0b8001000 r--s 00000000 08:05 2198215                    /usr/lib/jvm/java-8-oracle/jre/lib/management-agent.jar
7fa0b8001000-7fa0b800a000 r--s 0006c000 08:05 2198180                    /usr/lib/jvm/java-8-oracle/jre/lib/javaws.jar
7fa0b800a000-7fa0b810b000 rw-p 00000000 00:00 0 
7fa0b810b000-7fa0b82e3000 r--s 03d1d000 08:05 2198076                    /usr/lib/jvm/java-8-oracle/jre/lib/rt.jar
7fa0b82e3000-7fa0b8542000 rw-p 00000000 00:00 0 
7fa0b8542000-7fa0b8543000 ---p 00000000 00:00 0 
7fa0b8543000-7fa0b8643000 rw-p 00000000 00:00 0                          [stack:6100]
7fa0b8643000-7fa0b8644000 ---p 00000000 00:00 0 
7fa0b8644000-7fa0b8744000 rw-p 00000000 00:00 0                          [stack:6099]
7fa0b8744000-7fa0b8745000 ---p 00000000 00:00 0 
7fa0b8745000-7fa0b8845000 rw-p 00000000 00:00 0                          [stack:6098]
7fa0b8845000-7fa0b8846000 ---p 00000000 00:00 0 
7fa0b8846000-7fa0b89f6000 rw-p 00000000 00:00 0                          [stack:6097]
7fa0b89f6000-7fa0b8a8c000 ---p 00000000 00:00 0 
7fa0b8a8c000-7fa0b8b3c000 rw-p 00000000 00:00 0 
7fa0b8b3c000-7fa0b8bd2000 ---p 00000000 00:00 0 
7fa0b8bd2000-7fa0b8c72000 rw-p 00000000 00:00 0 
7fa0b8c72000-7fa0b8c75000 ---p 00000000 00:00 0 
7fa0b8c75000-7fa0b8ca3000 rw-p 00000000 00:00 0 
7fa0b8ca3000-7fa0b9036000 ---p 00000000 00:00 0 
7fa0b9036000-7fa0b9050000 r-xp 00000000 08:05 2198042                    /usr/lib/jvm/java-8-oracle/jre/lib/amd64/libzip.so
7fa0b9050000-7fa0b9250000 ---p 0001a000 08:05 2198042                    /usr/lib/jvm/java-8-oracle/jre/lib/amd64/libzip.so
7fa0b9250000-7fa0b9251000 rw-p 0001a000 08:05 2198042                    /usr/lib/jvm/java-8-oracle/jre/lib/amd64/libzip.so
7fa0b9251000-7fa0b925c000 r-xp 00000000 08:05 920326                     /lib/x86_64-linux-gnu/libnss_files-2.19.so
7fa0b925c000-7fa0b945b000 ---p 0000b000 08:05 920326                     /lib/x86_64-linux-gnu/libnss_files-2.19.so
7fa0b945b000-7fa0b945c000 r--p 0000a000 08:05 920326                     /lib/x86_64-linux-gnu/libnss_files-2.19.so
7fa0b945c000-7fa0b945d000 rw-p 0000b000 08:05 920326                     /lib/x86_64-linux-gnu/libnss_files-2.19.so
7fa0b945d000-7fa0b9468000 r-xp 00000000 08:05 920336                     /lib/x86_64-linux-gnu/libnss_nis-2.19.so
7fa0b9468000-7fa0b9667000 ---p 0000b000 08:05 920336                     /lib/x86_64-linux-gnu/libnss_nis-2.19.so
7fa0b9667000-7fa0b9668000 r--p 0000a000 08:05 920336                     /lib/x86_64-linux-gnu/libnss_nis-2.19.so
7fa0b9668000-7fa0b9669000 rw-p 0000b000 08:05 920336                     /lib/x86_64-linux-gnu/libnss_nis-2.19.so
7fa0b9669000-7fa0b9680000 r-xp 00000000 08:05 920320                     /lib/x86_64-linux-gnu/libnsl-2.19.so
7fa0b9680000-7fa0b987f000 ---p 00017000 08:05 920320                     /lib/x86_64-linux-gnu/libnsl-2.19.so
7fa0b987f000-7fa0b9880000 r--p 00016000 08:05 920320                     /lib/x86_64-linux-gnu/libnsl-2.19.so
7fa0b9880000-7fa0b9881000 rw-p 00017000 08:05 920320                     /lib/x86_64-linux-gnu/libnsl-2.19.so
7fa0b9881000-7fa0b9883000 rw-p 00000000 00:00 0 
7fa0b9883000-7fa0b988c000 r-xp 00000000 08:05 920322                     /lib/x86_64-linux-gnu/libnss_compat-2.19.so
7fa0b988c000-7fa0b9a8b000 ---p 00009000 08:05 920322                     /lib/x86_64-linux-gnu/libnss_compat-2.19.so
7fa0b9a8b000-7fa0b9a8c000 r--p 00008000 08:05 920322                     /lib/x86_64-linux-gnu/libnss_compat-2.19.so
7fa0b9a8c000-7fa0b9a8d000 rw-p 00009000 08:05 920322                     /lib/x86_64-linux-gnu/libnss_compat-2.19.so
7fa0b9a8d000-7fa0b9ab7000 r-xp 00000000 08:05 2198058                    /usr/lib/jvm/java-8-oracle/jre/lib/amd64/libjava.so
7fa0b9ab7000-7fa0b9cb7000 ---p 0002a000 08:05 2198058                    /usr/lib/jvm/java-8-oracle/jre/lib/amd64/libjava.so
7fa0b9cb7000-7fa0b9cb9000 rw-p 0002a000 08:05 2198058                    /usr/lib/jvm/java-8-oracle/jre/lib/amd64/libjava.so
7fa0b9cb9000-7fa0b9cc6000 r-xp 00000000 08:05 2198071                    /usr/lib/jvm/java-8-oracle/jre/lib/amd64/libverify.so
7fa0b9cc6000-7fa0b9ec6000 ---p 0000d000 08:05 2198071                    /usr/lib/jvm/java-8-oracle/jre/lib/amd64/libverify.so
7fa0b9ec6000-7fa0b9ec8000 rw-p 0000d000 08:05 2198071                    /usr/lib/jvm/java-8-oracle/jre/lib/amd64/libverify.so
7fa0b9ec8000-7fa0b9ecf000 r-xp 00000000 08:05 920379                     /lib/x86_64-linux-gnu/librt-2.19.so
7fa0b9ecf000-7fa0ba0ce000 ---p 00007000 08:05 920379                     /lib/x86_64-linux-gnu/librt-2.19.so
7fa0ba0ce000-7fa0ba0cf000 r--p 00006000 08:05 920379                     /lib/x86_64-linux-gnu/librt-2.19.so
7fa0ba0cf000-7fa0ba0d0000 rw-p 00007000 08:05 920379                     /lib/x86_64-linux-gnu/librt-2.19.so
7fa0ba0d0000-7fa0ba1d5000 r-xp 00000000 08:05 920301                     /lib/x86_64-linux-gnu/libm-2.19.so
7fa0ba1d5000-7fa0ba3d4000 ---p 00105000 08:05 920301                     /lib/x86_64-linux-gnu/libm-2.19.so
7fa0ba3d4000-7fa0ba3d5000 r--p 00104000 08:05 920301                     /lib/x86_64-linux-gnu/libm-2.19.so
7fa0ba3d5000-7fa0ba3d6000 rw-p 00105000 08:05 920301                     /lib/x86_64-linux-gnu/libm-2.19.so
7fa0ba3d6000-7fa0bb095000 r-xp 00000000 08:05 2198028                    /usr/lib/jvm/java-8-oracle/jre/lib/amd64/server/libjvm.so
7fa0bb095000-7fa0bb294000 ---p 00cbf000 08:05 2198028                    /usr/lib/jvm/java-8-oracle/jre/lib/amd64/server/libjvm.so
7fa0bb294000-7fa0bb36d000 rw-p 00cbe000 08:05 2198028                    /usr/lib/jvm/java-8-oracle/jre/lib/amd64/server/libjvm.so
7fa0bb36d000-7fa0bb3b6000 rw-p 00000000 00:00 0 
7fa0bb3b6000-7fa0bb571000 r-xp 00000000 08:05 920251                     /lib/x86_64-linux-gnu/libc-2.19.so
7fa0bb571000-7fa0bb770000 ---p 001bb000 08:05 920251                     /lib/x86_64-linux-gnu/libc-2.19.so
7fa0bb770000-7fa0bb774000 r--p 001ba000 08:05 920251                     /lib/x86_64-linux-gnu/libc-2.19.so
7fa0bb774000-7fa0bb776000 rw-p 001be000 08:05 920251                     /lib/x86_64-linux-gnu/libc-2.19.so
7fa0bb776000-7fa0bb77b000 rw-p 00000000 00:00 0 
7fa0bb77b000-7fa0bb77e000 r-xp 00000000 08:05 920268                     /lib/x86_64-linux-gnu/libdl-2.19.so
7fa0bb77e000-7fa0bb97d000 ---p 00003000 08:05 920268                     /lib/x86_64-linux-gnu/libdl-2.19.so
7fa0bb97d000-7fa0bb97e000 r--p 00002000 08:05 920268                     /lib/x86_64-linux-gnu/libdl-2.19.so
7fa0bb97e000-7fa0bb97f000 rw-p 00003000 08:05 920268                     /lib/x86_64-linux-gnu/libdl-2.19.so
7fa0bb97f000-7fa0bb994000 r-xp 00000000 08:05 2113069                    /usr/lib/jvm/java-8-oracle/lib/amd64/jli/libjli.so
7fa0bb994000-7fa0bbb94000 ---p 00015000 08:05 2113069                    /usr/lib/jvm/java-8-oracle/lib/amd64/jli/libjli.so
7fa0bbb94000-7fa0bbb95000 rw-p 00015000 08:05 2113069                    /usr/lib/jvm/java-8-oracle/lib/amd64/jli/libjli.so
7fa0bbb95000-7fa0bbbae000 r-xp 00000000 08:05 920371                     /lib/x86_64-linux-gnu/libpthread-2.19.so
7fa0bbbae000-7fa0bbdad000 ---p 00019000 08:05 920371                     /lib/x86_64-linux-gnu/libpthread-2.19.so
7fa0bbdad000-7fa0bbdae000 r--p 00018000 08:05 920371                     /lib/x86_64-linux-gnu/libpthread-2.19.so
7fa0bbdae000-7fa0bbdaf000 rw-p 00019000 08:05 920371                     /lib/x86_64-linux-gnu/libpthread-2.19.so
7fa0bbdaf000-7fa0bbdb3000 rw-p 00000000 00:00 0 
7fa0bbdb3000-7fa0bbdd6000 r-xp 00000000 08:05 920227                     /lib/x86_64-linux-gnu/ld-2.19.so
7fa0bbdd6000-7fa0bbdd8000 r--s 00007000 08:05 2198093                    /usr/lib/jvm/java-8-oracle/jre/lib/jfxswt.jar
7fa0bbdd8000-7fa0bbeaa000 rw-p 00000000 00:00 0 
7fa0bbeaa000-7fa0bbead000 ---p 00000000 00:00 0 
7fa0bbead000-7fa0bbfaf000 rw-p 00000000 00:00 0                          [stack:6096]
7fa0bbfaf000-7fa0bbfb5000 r--s 002f8000 08:05 2198182                    /usr/lib/jvm/java-8-oracle/jre/lib/charsets.jar
7fa0bbfb5000-7fa0bbfc9000 rw-p 00000000 00:00 0 
7fa0bbfc9000-7fa0bbfd1000 rw-s 00000000 08:05 1177433                    /tmp/hsperfdata_sri/6095
7fa0bbfd1000-7fa0bbfd2000 rw-p 00000000 00:00 0 
7fa0bbfd2000-7fa0bbfd3000 ---p 00000000 00:00 0 
7fa0bbfd3000-7fa0bbfd5000 rw-p 00000000 00:00 0 
7fa0bbfd5000-7fa0bbfd6000 r--p 00022000 08:05 920227                     /lib/x86_64-linux-gnu/ld-2.19.so
7fa0bbfd6000-7fa0bbfd7000 rw-p 00023000 08:05 920227                     /lib/x86_64-linux-gnu/ld-2.19.so
7fa0bbfd7000-7fa0bbfd8000 rw-p 00000000 00:00 0 
7ffcbb968000-7ffcbb989000 rw-p 00000000 00:00 0                          [stack]
7ffcbb9f8000-7ffcbb9fa000 r--p 00000000 00:00 0                          [vvar]
7ffcbb9fa000-7ffcbb9fc000 r-xp 00000000 00:00 0                          [vdso]
ffffffffff600000-ffffffffff601000 r-xp 00000000 00:00 0                  [vsyscall]

VM Arguments:
jvm_args: -Didea.launcher.port=7547 -Didea.launcher.bin.path=/home/sri/Downloads/install/idea-IC-143.381.42/bin -Dfile.encoding=UTF-8 
java_command: com.intellij.rt.execution.application.AppMain sample.Main
java_class_path (initial): /usr/lib/jvm/java-8-oracle/jre/lib/charsets.jar:/usr/lib/jvm/java-8-oracle/jre/lib/deploy.jar:/usr/lib/jvm/java-8-oracle/jre/lib/ext/cldrdata.jar:/usr/lib/jvm/java-8-oracle/jre/lib/ext/dnsns.jar:/usr/lib/jvm/java-8-oracle/jre/lib/ext/jaccess.jar:/usr/lib/jvm/java-8-oracle/jre/lib/ext/jfxrt.jar:/usr/lib/jvm/java-8-oracle/jre/lib/ext/localedata.jar:/usr/lib/jvm/java-8-oracle/jre/lib/ext/nashorn.jar:/usr/lib/jvm/java-8-oracle/jre/lib/ext/sunec.jar:/usr/lib/jvm/java-8-oracle/jre/lib/ext/sunjce_provider.jar:/usr/lib/jvm/java-8-oracle/jre/lib/ext/sunpkcs11.jar:/usr/lib/jvm/java-8-oracle/jre/lib/ext/zipfs.jar:/usr/lib/jvm/java-8-oracle/jre/lib/javaws.jar:/usr/lib/jvm/java-8-oracle/jre/lib/jce.jar:/usr/lib/jvm/java-8-oracle/jre/lib/jfr.jar:/usr/lib/jvm/java-8-oracle/jre/lib/jfxswt.jar:/usr/lib/jvm/java-8-oracle/jre/lib/jsse.jar:/usr/lib/jvm/java-8-oracle/jre/lib/management-agent.jar:/usr/lib/jvm/java-8-oracle/jre/lib/plugin.jar:/usr/lib/jvm/java-8-oracle/jre/lib/resources.jar:/usr/lib/jvm/java-8-oracle/jre/lib/rt.jar:/home/sri/Intialparking/out/production/Intialparking:/home/sri/Downloads/install/idea-IC-143.381.42/lib/idea_rt.jar
Launcher Type: SUN_STANDARD

Environment Variables:
JAVA_HOME=/usr/lib/jvm/java-8-oracle
PATH=/usr/local/sbin:/usr/local/bin:/usr/sbin:/usr/bin:/sbin:/bin:/usr/games:/usr/local/games:/usr/lib/jvm/java-8-oracle/bin:/usr/lib/jvm/java-8-oracle/db/bin:/usr/lib/jvm/java-8-oracle/jre/bin
LD_LIBRARY_PATH=/home/sri/Downloads/install/idea-IC-143.381.42/bin:
SHELL=/bin/bash
DISPLAY=:0

Signal Handlers:
SIGSEGV: [libjvm.so+0xabb070], sa_mask[0]=11111111011111111101111111111110, sa_flags=SA_RESTART|SA_SIGINFO
SIGBUS: [libjvm.so+0xabb070], sa_mask[0]=11111111011111111101111111111110, sa_flags=SA_RESTART|SA_SIGINFO
SIGFPE: [libjvm.so+0x918480], sa_mask[0]=11111111011111111101111111111110, sa_flags=SA_RESTART|SA_SIGINFO
SIGPIPE: SIG_IGN, sa_mask[0]=00000000000010000000000000000000, sa_flags=SA_RESTART
SIGXFSZ: [libjvm.so+0x918480], sa_mask[0]=11111111011111111101111111111110, sa_flags=SA_RESTART|SA_SIGINFO
SIGILL: [libjvm.so+0x918480], sa_mask[0]=11111111011111111101111111111110, sa_flags=SA_RESTART|SA_SIGINFO
SIGUSR1: SIG_DFL, sa_mask[0]=00000000000000000000000000000000, sa_flags=none
SIGUSR2: [libjvm.so+0x919ab0], sa_mask[0]=00100000000000000000000000000000, sa_flags=SA_RESTART|SA_SIGINFO
SIGHUP: [libjvm.so+0x91aeb0], sa_mask[0]=11111111011111111101111111111110, sa_flags=SA_RESTART|SA_SIGINFO
SIGINT: [libjvm.so+0x91aeb0], sa_mask[0]=11111111011111111101111111111110, sa_flags=SA_RESTART|SA_SIGINFO
SIGTERM: [libjvm.so+0x91aeb0], sa_mask[0]=11111111011111111101111111111110, sa_flags=SA_RESTART|SA_SIGINFO
SIGQUIT: [libjvm.so+0x91aeb0], sa_mask[0]=11111111011111111101111111111110, sa_flags=SA_RESTART|SA_SIGINFO


---------------  S Y S T E M  ---------------

OS:DISTRIB_ID=Ubuntu
DISTRIB_RELEASE=14.04
DISTRIB_CODENAME=trusty
DISTRIB_DESCRIPTION="Ubuntu 14.04.3 LTS"

uname:Linux 3.19.0-47-generic #53~14.04.1-Ubuntu SMP Mon Jan 18 16:09:14 UTC 2016 x86_64
libc:glibc 2.19 NPTL 2.19 
rlimit: STACK 8192k, CORE 0k, NPROC 15562, NOFILE 4096, AS infinity
load average:1.48 0.96 0.74

/proc/meminfo:
MemTotal:        4005300 kB
MemFree:          111260 kB
MemAvailable:      75560 kB
Buffers:            1004 kB
Cached:           147752 kB
SwapCached:            0 kB
Active:          3635052 kB
Inactive:         112244 kB
Active(anon):    3601160 kB
Inactive(anon):    82528 kB
Active(file):      33892 kB
Inactive(file):    29716 kB
Unevictable:           0 kB
Mlocked:               0 kB
SwapTotal:             0 kB
SwapFree:              0 kB
Dirty:              2176 kB
Writeback:             0 kB
AnonPages:       3599000 kB
Mapped:           138752 kB
Shmem:             84720 kB
Slab:              65956 kB
SReclaimable:      33928 kB
SUnreclaim:        32028 kB
KernelStack:        8448 kB
PageTables:        34104 kB
NFS_Unstable:          0 kB
Bounce:                0 kB
WritebackTmp:          0 kB
CommitLimit:     2002648 kB
Committed_AS:    5673628 kB
VmallocTotal:   34359738367 kB
VmallocUsed:      307200 kB
VmallocChunk:   34359357644 kB
HardwareCorrupted:     0 kB
AnonHugePages:   1726464 kB
CmaTotal:              0 kB
CmaFree:               0 kB
HugePages_Total:       0
HugePages_Free:        0
HugePages_Rsvd:        0
HugePages_Surp:        0
Hugepagesize:       2048 kB
DirectMap4k:      103936 kB
DirectMap2M:     4048896 kB


CPU:total 4 (4 cores per cpu, 1 threads per core) family 6 model 30 stepping 5, cmov, cx8, fxsr, mmx, sse, sse2, sse3, ssse3, sse4.1, sse4.2, popcnt, tsc, tscinvbit

/proc/cpuinfo:
processor	: 0
vendor_id	: GenuineIntel
cpu family	: 6
model		: 30
model name	: Intel(R) Core(TM) i5 CPU         760  @ 2.80GHz
stepping	: 5
microcode	: 0x4
cpu MHz		: 1200.000
cache size	: 8192 KB
physical id	: 0
siblings	: 4
core id		: 0
cpu cores	: 4
apicid		: 0
initial apicid	: 0
fpu		: yes
fpu_exception	: yes
cpuid level	: 11
wp		: yes
flags		: fpu vme de pse tsc msr pae mce cx8 apic sep mtrr pge mca cmov pat pse36 clflush dts acpi mmx fxsr sse sse2 ss ht tm pbe syscall nx rdtscp lm constant_tsc arch_perfmon pebs bts rep_good nopl xtopology nonstop_tsc aperfmperf pni dtes64 monitor ds_cpl vmx smx est tm2 ssse3 cx16 xtpr pdcm sse4_1 sse4_2 popcnt lahf_lm ida dtherm tpr_shadow vnmi flexpriority ept vpid
bugs		:
bogomips	: 5585.79
clflush size	: 64
cache_alignment	: 64
address sizes	: 36 bits physical, 48 bits virtual
power management:

processor	: 1
vendor_id	: GenuineIntel
cpu family	: 6
model		: 30
model name	: Intel(R) Core(TM) i5 CPU         760  @ 2.80GHz
stepping	: 5
microcode	: 0x4
cpu MHz		: 1333.000
cache size	: 8192 KB
physical id	: 0
siblings	: 4
core id		: 1
cpu cores	: 4
apicid		: 2
initial apicid	: 2
fpu		: yes
fpu_exception	: yes
cpuid level	: 11
wp		: yes
flags		: fpu vme de pse tsc msr pae mce cx8 apic sep mtrr pge mca cmov pat pse36 clflush dts acpi mmx fxsr sse sse2 ss ht tm pbe syscall nx rdtscp lm constant_tsc arch_perfmon pebs bts rep_good nopl xtopology nonstop_tsc aperfmperf pni dtes64 monitor ds_cpl vmx smx est tm2 ssse3 cx16 xtpr pdcm sse4_1 sse4_2 popcnt lahf_lm ida dtherm tpr_shadow vnmi flexpriority ept vpid
bugs		:
bogomips	: 5585.79
clflush size	: 64
cache_alignment	: 64
address sizes	: 36 bits physical, 48 bits virtual
power management:

processor	: 2
vendor_id	: GenuineIntel
cpu family	: 6
model		: 30
model name	: Intel(R) Core(TM) i5 CPU         760  @ 2.80GHz
stepping	: 5
microcode	: 0x4
cpu MHz		: 1600.000
cache size	: 8192 KB
physical id	: 0
siblings	: 4
core id		: 2
cpu cores	: 4
apicid		: 4
initial apicid	: 4
fpu		: yes
fpu_exception	: yes
cpuid level	: 11
wp		: yes
flags		: fpu vme de pse tsc msr pae mce cx8 apic sep mtrr pge mca cmov pat pse36 clflush dts acpi mmx fxsr sse sse2 ss ht tm pbe syscall nx rdtscp lm constant_tsc arch_perfmon pebs bts rep_good nopl xtopology nonstop_tsc aperfmperf pni dtes64 monitor ds_cpl vmx smx est tm2 ssse3 cx16 xtpr pdcm sse4_1 sse4_2 popcnt lahf_lm ida dtherm tpr_shadow vnmi flexpriority ept vpid
bugs		:
bogomips	: 5585.79
clflush size	: 64
cache_alignment	: 64
address sizes	: 36 bits physical, 48 bits virtual
power management:

processor	: 3
vendor_id	: GenuineIntel
cpu family	: 6
model		: 30
model name	: Intel(R) Core(TM) i5 CPU         760  @ 2.80GHz
stepping	: 5
microcode	: 0x4
cpu MHz		: 1733.000
cache size	: 8192 KB
physical id	: 0
siblings	: 4
core id		: 3
cpu cores	: 4
apicid		: 6
initial apicid	: 6
fpu		: yes
fpu_exception	: yes
cpuid level	: 11
wp		: yes
flags		: fpu vme de pse tsc msr pae mce cx8 apic sep mtrr pge mca cmov pat pse36 clflush dts acpi mmx fxsr sse sse2 ss ht tm pbe syscall nx rdtscp lm constant_tsc arch_perfmon pebs bts rep_good nopl xtopology nonstop_tsc aperfmperf pni dtes64 monitor ds_cpl vmx smx est tm2 ssse3 cx16 xtpr pdcm sse4_1 sse4_2 popcnt lahf_lm ida dtherm tpr_shadow vnmi flexpriority ept vpid
bugs		:
bogomips	: 5585.79
clflush size	: 64
cache_alignment	: 64
address sizes	: 36 bits physical, 48 bits virtual
power management:



Memory: 4k page, physical 4005300k(111260k free), swap 0k(0k free)

vm_info: Java HotSpot(TM) 64-Bit Server VM (25.72-b15) for linux-amd64 JRE (1.8.0_72-b15), built on Dec 22 2015 22:00:07 by "java_re" with gcc 4.3.0 20080428 (Red Hat 4.3.0-8)

time: Tue Mar  1 02:03:50 2016
elapsed time: 15 seconds (0d 0h 0m 15s)

